 built
 initialised
 run entered
 outer loop entered. ts            1
 inner loop entered. elem           1
 bot   100.71914265601792     
 bot   80.719142656017922     
 UZ entered
 L is   59.824594260360023     
 P is   3.6000000000000001     
 sm is   8.9736891390540023     
 epv is   17.947378278108005     
 sm/epv  0.50000000000000000     
 got k   6.7858871315068597E-002
 inf is   6.7858871315068597E-002
 excess_p   3.5321411286849314     
 inf_deficit   0.0000000000000000     
 sws is   5.4852383925189388E-002
 sw_inf   0.0000000000000000     
 sws calcd   3.5869935126101207     
 sm calcd   9.0415480103690715     
 gws is    40.894548395657900     
 vanGI called. sm_eq is    7.7272612362729198     
 k_inf_gw is   6.7858871315068597E-002
 gw_inf is   6.7858871315068597E-002
 sm recalcd    8.9736891390540023     
 gws calcd   41.120744633374798     
 gws recalcd   41.120744633374798     
 ET is   3.0000000000000000     
 sw et removed   3.0000000000000000     
 sm et removed   0.0000000000000000     
 sm is   8.9736891390540023     
 new sm_eq   7.7040603969287105     
 k_inf_gw remaining   0.0000000000000000     
 addnl gw_inf   0.0000000000000000     
 sm-gw balanced   8.9736891390540023        41.120744633374798     
 outer loop entered. ts            2
 inner loop entered. elem           1
 bot   100.71914265601792     
 bot   80.719142656017922     
 UZ entered
 L is   59.598398022643124     
 P is   3.6000000000000001     
 sm is   8.9736891390540023     
 epv is   17.879519406792937     
 sm/epv  0.50189767045106615     
 got k   6.8666544744674277E-002
 inf is   6.8666544744674277E-002
 excess_p   3.5313334552553259     
 inf_deficit   0.0000000000000000     
 sws is  0.58699351261012067     
 sw_inf   0.0000000000000000     
 sws calcd   4.1183269678654462     
 sm calcd   9.0423556837986769     
 gws is    41.120744633374798     
 vanGI called. sm_eq is    7.7040603969287105     
 k_inf_gw is   6.8666544744674277E-002
 gw_inf is   6.8666544744674277E-002
 sm recalcd    8.9736891390540023     
 gws calcd   41.349633115857046     
 gws recalcd   41.349633115857046     
 ET is   3.0000000000000000     
 sw et removed   3.0000000000000000     
 sm et removed   0.0000000000000000     
 sm is   8.9736891390540023     
 new sm_eq   7.6805800386306213     
 k_inf_gw remaining   0.0000000000000000     
 addnl gw_inf   0.0000000000000000     
 sm-gw balanced   8.9736891390540023        41.349633115857046     
 outer loop entered. ts            3
 inner loop entered. elem           1
 bot   100.71914265601792     
 bot   80.719142656017922     
 UZ entered
 L is   59.369509540160877     
 P is   3.6000000000000001     
 sm is   8.9736891390540023     
 epv is   17.810852862048261     
 sm/epv  0.50383264678893214     
 got k   6.9496956535144039E-002
 inf is   6.9496956535144039E-002
 excess_p   3.5305030434648561     
 inf_deficit   0.0000000000000000     
 sws is   1.1183269678654462     
 sw_inf   0.0000000000000000     
 sws calcd   4.6488300113303023     
 sm calcd   9.0431860955891459     
 gws is    41.349633115857046     
 vanGI called. sm_eq is    7.6805800386306213     
 k_inf_gw is   6.9496956535144039E-002
 gw_inf is   6.9496956535144039E-002
 sm recalcd    8.9736891390540023     
 gws calcd   41.581289637640857     
 gws recalcd   41.581289637640857     
 ET is   3.0000000000000000     
 sw et removed   3.0000000000000000     
 sm et removed   0.0000000000000000     
 sm is   8.9736891390540023     
 new sm_eq   7.6568122310760565     
 k_inf_gw remaining   0.0000000000000000     
 addnl gw_inf   0.0000000000000000     
 sm-gw balanced   8.9736891390540023        41.581289637640857     
 outer loop entered. ts            4
 inner loop entered. elem           1
 bot   100.71914265601792     
 bot   80.719142656017922     
 UZ entered
 L is   59.137853018377065     
 P is   3.6000000000000001     
 sm is   8.9736891390540023     
 epv is   17.741355905513117     
 sm/epv  0.50580627472026718     
 got k   7.0351127344478681E-002
 inf is   7.0351127344478681E-002
 excess_p   3.5296488726555215     
 inf_deficit   0.0000000000000000     
 sws is   1.6488300113303023     
 sw_inf   0.0000000000000000     
 sws calcd   5.1784788839858233     
 sm calcd   9.0440402663984809     
 gws is    41.581289637640857     
 vanGI called. sm_eq is    7.6568122310760565     
 k_inf_gw is   7.0351127344478681E-002
 gw_inf is   7.0351127344478681E-002
 sm recalcd    8.9736891390540023     
 gws calcd   41.815793395455785     
 gws recalcd   41.815793395455785     
 ET is   3.0000000000000000     
 sw et removed   3.0000000000000000     
 sm et removed   0.0000000000000000     
 sm is   8.9736891390540023     
 new sm_eq   7.6327486858611824     
 k_inf_gw remaining   0.0000000000000000     
 addnl gw_inf   0.0000000000000000     
 sm-gw balanced   8.9736891390540023        41.815793395455785     
 outer loop entered. ts            5
 inner loop entered. elem           1
 bot   100.71914265601792     
 bot   80.719142656017922     
 UZ entered
 L is   58.903349260562138     
 P is   3.6000000000000001     
 sm is   8.9736891390540023     
 epv is   17.671004778168641     
 sm/epv  0.50781997128654521     
 got k   7.1230141256801036E-002
 inf is   7.1230141256801036E-002
 excess_p   3.5287698587431993     
 inf_deficit   0.0000000000000000     
 sws is   2.1784788839858233     
 sw_inf   0.0000000000000000     
 sws calcd   5.7072487427290230     
 sm calcd   9.0449192803108041     
 gws is    41.815793395455785     
 vanGI called. sm_eq is    7.6327486858611824     
 k_inf_gw is   7.1230141256801036E-002
 gw_inf is   7.1230141256801036E-002
 sm recalcd    8.9736891390540023     
 gws calcd   42.053227199645121     
 gws recalcd   42.053227199645121     
 ET is   3.0000000000000000     
 sw et removed   3.0000000000000000     
 sm et removed   0.0000000000000000     
 sm is   8.9736891390540023     
 new sm_eq   7.6083807341158591     
 k_inf_gw remaining   0.0000000000000000     
 addnl gw_inf   0.0000000000000000     
 sm-gw balanced   8.9736891390540023        42.053227199645121     
 outer loop entered. ts            6
 inner loop entered. elem           1
 bot   100.71914265601792     
 bot   80.719142656017922     
 UZ entered
 L is   58.665915456372801     
 P is   3.6000000000000001     
 sm is   8.9736891390540023     
 epv is   17.599774636911839     
 sm/epv  0.50987522989263567     
 got k   7.2135150853389549E-002
 inf is   7.2135150853389549E-002
 excess_p   3.5278648491466105     
 inf_deficit   0.0000000000000000     
 sws is   2.7072487427290230     
 sw_inf   0.0000000000000000     
 sws calcd   6.2351135918756331     
 sm calcd   9.0458242899073920     
 gws is    42.053227199645121     
 vanGI called. sm_eq is    7.6083807341158591     
 k_inf_gw is   7.2135150853389549E-002
 gw_inf is   7.2135150853389549E-002
 sm recalcd    8.9736891390540023     
 gws calcd   42.293677702489752     
 gws recalcd   42.293677702489752     
 ET is   3.0000000000000000     
 sw et removed   3.0000000000000000     
 sm et removed   0.0000000000000000     
 sm is   8.9736891390540023     
 new sm_eq   7.5836993023425361     
 k_inf_gw remaining   0.0000000000000000     
 addnl gw_inf   0.0000000000000000     
 sm-gw balanced   8.9736891390540023        42.293677702489752     
 outer loop entered. ts            7
 inner loop entered. elem           1
 bot   100.71914265601792     
 bot   80.719142656017922     
 UZ entered
 L is   58.425464953528170     
 P is   3.6000000000000001     
 sm is   8.9736891390540023     
 epv is   17.527639486058451     
 sm/epv  0.51197362578068240     
 got k   7.3067382782435256E-002
 inf is   7.3067382782435256E-002
 excess_p   3.5269326172175650     
 inf_deficit   0.0000000000000000     
 sws is   3.2351135918756331     
 sw_inf   0.0000000000000000     
 sws calcd   6.7620462090931976     
 sm calcd   9.0467565218364374     
 gws is    42.293677702489752     
 vanGI called. sm_eq is    7.5836993023425361     
 k_inf_gw is   7.3067382782435256E-002
 gw_inf is   7.3067382782435256E-002
 sm recalcd    8.9736891390540023     
 gws calcd   42.537235645097873     
 gws recalcd   42.537235645097873     
 ET is   3.0000000000000000     
 sw et removed   3.0000000000000000     
 sm et removed   0.0000000000000000     
 sm is   8.9736891390540023     
 new sm_eq   7.5586948862818284     
 k_inf_gw remaining   0.0000000000000000     
 addnl gw_inf   0.0000000000000000     
 sm-gw balanced   8.9736891390540023        42.537235645097873     
 outer loop entered. ts            8
 inner loop entered. elem           1
 bot   100.71914265601792     
 bot   80.719142656017922     
 UZ entered
 L is   58.181907010920050     
 P is   3.6000000000000001     
 sm is   8.9736891390540023     
 epv is   17.454572103276014     
 sm/epv  0.51411682199701414     
 got k   7.4028143886054651E-002
 inf is   7.4028143886054651E-002
 excess_p   3.5259718561139453     
 inf_deficit   0.0000000000000000     
 sws is   3.7620462090931976     
 sw_inf   0.0000000000000000     
 sws calcd   7.2880180652071429     
 sm calcd   9.0477172829400576     
 gws is    42.537235645097873     
 vanGI called. sm_eq is    7.5586948862818284     
 k_inf_gw is   7.4028143886054651E-002
 gw_inf is   7.4028143886054651E-002
 sm recalcd    8.9736891390540023     
 gws calcd   42.783996124718058     
 gws recalcd   42.783996124718058     
 ET is   3.0000000000000000     
 sw et removed   3.0000000000000000     
 sm et removed   0.0000000000000000     
 sm is   8.9736891390540023     
 new sm_eq   7.5333575226065284     
 k_inf_gw remaining   0.0000000000000000     
 addnl gw_inf   0.0000000000000000     
 sm-gw balanced   8.9736891390540023        42.783996124718058     
 outer loop entered. ts            9
 inner loop entered. elem           1
 bot   100.71914265601792     
 bot   80.719142656017922     
 UZ entered
 L is   57.935146531299864     
 P is   3.6000000000000001     
 sm is   8.9736891390540023     
 epv is   17.380543959389957     
 sm/epv  0.51630657590586548     
 got k   7.5018827951108230E-002
 inf is   7.5018827951108230E-002
 excess_p   3.5249811720488919     
 inf_deficit   0.0000000000000000     
 sws is   4.2880180652071429     
 sw_inf   0.0000000000000000     
 sws calcd   7.8129992372560348     
 sm calcd   9.0487079670051109     
 gws is    42.783996124718058     
 vanGI called. sm_eq is    7.5333575226065284     
 k_inf_gw is   7.5018827951108230E-002
 gw_inf is   7.5018827951108230E-002
 sm recalcd    8.9736891390540023     
 gws calcd   43.034058884555087     
 gws recalcd   43.034058884555087     
 ET is   3.0000000000000000     
 sw et removed   3.0000000000000000     
 sm et removed   0.0000000000000000     
 sm is   8.9736891390540023     
 new sm_eq   7.5076767582220416     
 k_inf_gw remaining   0.0000000000000000     
 addnl gw_inf   0.0000000000000000     
 sm-gw balanced   8.9736891390540023        43.034058884555087     
 outer loop entered. ts           10
 inner loop entered. elem           1
 bot   100.71914265601792     
 bot   80.719142656017922     
 UZ entered
 L is   57.685083771462836     
 P is   3.6000000000000001     
 sm is   8.9736891390540023     
 epv is   17.305525131438849     
 sm/epv  0.51854474631061920     
 got k   7.6040923159661822E-002
 inf is   7.6040923159661822E-002
 excess_p   3.5239590768403382     
 inf_deficit   0.0000000000000000     
 sws is   4.8129992372560348     
 sw_inf   0.0000000000000000     
 sws calcd   8.3369583140963730     
 sm calcd   9.0497300622136638     
 gws is    43.034058884555087     
 vanGI called. sm_eq is    7.5076767582220416     
 k_inf_gw is   7.6040923159661822E-002
 gw_inf is   7.6040923159661822E-002
 sm recalcd    8.9736891390540023     
 gws calcd   43.287528628420624     
 gws recalcd   43.287528628420624     
 ET is   3.0000000000000000     
 sw et removed   3.0000000000000000     
 sm et removed   0.0000000000000000     
 sm is   8.9736891390540023     
 new sm_eq   7.4816416169242350     
 k_inf_gw remaining   0.0000000000000000     
 addnl gw_inf   0.0000000000000000     
 sm-gw balanced   8.9736891390540023        43.287528628420624     
 outer loop entered. ts           11
 inner loop entered. elem           1
 bot   100.71914265601792     
 bot   80.719142656017922     
 UZ entered
 L is   57.431614027597298     
 P is   3.6000000000000001     
 sm is   8.9736891390540023     
 epv is   17.229484208279189     
 sm/epv  0.52083330125123106     
 got k   7.7096020325694625E-002
 inf is   7.7096020325694625E-002
 excess_p   3.5229039796743056     
 inf_deficit   0.0000000000000000     
 sws is   5.3369583140963730     
 sw_inf   0.0000000000000000     
 sws calcd   8.8598622937706786     
 sm calcd   9.0507851593796964     
 gws is    43.287528628420624     
 vanGI called. sm_eq is    7.4816416169242350     
 k_inf_gw is   7.7096020325694625E-002
 gw_inf is   7.7096020325694625E-002
 sm recalcd    8.9736891390540023     
 gws calcd   43.544515362839604     
 gws recalcd   43.544515362839604     
 ET is   3.0000000000000000     
 sw et removed   3.0000000000000000     
 sm et removed   0.0000000000000000     
 sm is   8.9736891390540023     
 new sm_eq   7.4552405631346126     
 k_inf_gw remaining   0.0000000000000000     
 addnl gw_inf   0.0000000000000000     
 sm-gw balanced   8.9736891390540023        43.544515362839604     
 outer loop entered. ts           12
 inner loop entered. elem           1
 bot   100.71914265601792     
 bot   80.719142656017922     
 UZ entered
 L is   57.174627293178318     
 P is   3.6000000000000001     
 sm is   8.9736891390540023     
 epv is   17.152388187953495     
 sm/epv  0.52317432655567020     
 got k   7.8185822017188725E-002
 inf is   7.8185822017188725E-002
 excess_p   3.5218141779828112     
 inf_deficit   0.0000000000000000     
 sws is   5.8598622937706786     
 sw_inf   0.0000000000000000     
 sws calcd   9.3816764717534902     
 sm calcd   9.0518749610711904     
 gws is    43.544515362839604     
 vanGI called. sm_eq is    7.4552405631346126     
 k_inf_gw is   7.8185822017188725E-002
 gw_inf is   7.8185822017188725E-002
 sm recalcd    8.9736891390540023     
 gws calcd   43.805134769563566     
 gws recalcd   43.805134769563566     
 ET is   3.0000000000000000     
 sw et removed   3.0000000000000000     
 sm et removed   0.0000000000000000     
 sm is   8.9736891390540023     
 new sm_eq   7.4284614623974212     
 k_inf_gw remaining   0.0000000000000000     
 addnl gw_inf   0.0000000000000000     
 sm-gw balanced   8.9736891390540023        43.805134769563566     
 outer loop entered. ts           13
 inner loop entered. elem           1
 bot   100.71914265601792     
 bot   80.719142656017922     
 UZ entered
 L is   56.914007886454357     
 P is   3.6000000000000001     
 sm is   8.9736891390540023     
 epv is   17.074202365936305     
 sm/epv  0.52557003523378987     
 got k   7.9312152677347342E-002
 inf is   7.9312152677347342E-002
 excess_p   3.5206878473226526     
 inf_deficit   0.0000000000000000     
 sws is   6.3816764717534902     
 sw_inf   0.0000000000000000     
 sws calcd   9.9023643190761419     
 sm calcd   9.0530012917313503     
 gws is    43.805134769563566     
 vanGI called. sm_eq is    7.4284614623974212     
 k_inf_gw is   7.9312152677347342E-002
 gw_inf is   7.9312152677347342E-002
 sm recalcd    8.9736891390540023     
 gws calcd   44.069508611821391     
 gws recalcd   44.069508611821391     
 ET is   3.0000000000000000     
 sw et removed   3.0000000000000000     
 sm et removed   0.0000000000000000     
 sm is   8.9736891390540023     
 new sm_eq   7.4012915382824991     
 k_inf_gw remaining   0.0000000000000000     
 addnl gw_inf   0.0000000000000000     
 sm-gw balanced   8.9736891390540023        44.069508611821391     
 outer loop entered. ts           14
 inner loop entered. elem           1
 bot   100.71914265601792     
 bot   80.719142656017922     
 UZ entered
 L is   56.649634044196532     
 P is   3.6000000000000001     
 sm is   8.9736891390540023     
 epv is   16.994890213258959     
 sm/epv  0.52802277781429685     
 got k   8.0476969875775503E-002
 inf is   8.0476969875775503E-002
 excess_p   3.5195230301242244     
 inf_deficit   0.0000000000000000     
 sws is   6.9023643190761419     
 sw_inf   0.0000000000000000     
 sws calcd   10.421887349200366     
 sm calcd   9.0541661089297776     
 gws is    44.069508611821391     
 vanGI called. sm_eq is    7.4012915382824991     
 k_inf_gw is   8.0476969875775503E-002
 gw_inf is   8.0476969875775503E-002
 sm recalcd    8.9736891390540023     
 gws calcd   44.337765178073973     
 gws recalcd   44.337765178073973     
 ET is   3.0000000000000000     
 sw et removed   3.0000000000000000     
 sm et removed   0.0000000000000000     
 sm is   8.9736891390540023     
 new sm_eq   7.3737173252909605     
 k_inf_gw remaining   0.0000000000000000     
 addnl gw_inf   0.0000000000000000     
 sm-gw balanced   8.9736891390540023        44.337765178073973     
 outer loop entered. ts           15
 inner loop entered. elem           1
 bot   100.71914265601792     
 bot   80.719142656017922     
 UZ entered
 L is   56.381377477943950     
 P is   3.6000000000000001     
 sm is   8.9736891390540023     
 epv is   16.914413243383184     
 sm/epv  0.53053505373971255     
 got k   8.1682376840505166E-002
 inf is   8.1682376840505166E-002
 excess_p   3.5183176231594948     
 inf_deficit   0.0000000000000000     
 sws is   7.4218873492003663     
 sw_inf   0.0000000000000000     
 sws calcd   10.940204972359862     
 sm calcd   9.0553715158945067     
 gws is    44.337765178073973     
 vanGI called. sm_eq is    7.3737173252909605     
 k_inf_gw is   8.1682376840505166E-002
 gw_inf is   8.1682376840505166E-002
 sm recalcd    8.9736891390540023     
 gws calcd   44.610039767542325     
 gws recalcd   44.610039767542325     
 ET is   3.0000000000000000     
 sw et removed   3.0000000000000000     
 sm et removed   0.0000000000000000     
 sm is   8.9736891390540023     
 new sm_eq   7.3457246173066899     
 k_inf_gw remaining   0.0000000000000000     
 addnl gw_inf   0.0000000000000000     
 sm-gw balanced   8.9736891390540023        44.610039767542325     
 outer loop entered. ts           16
 inner loop entered. elem           1
 bot   100.71914265601792     
 bot   80.719142656017922     
 UZ entered
 L is   56.109102888475597     
 P is   3.6000000000000001     
 sm is   8.9736891390540023     
 epv is   16.832730866542679     
 sm/epv  0.53310952395077016     
 got k   8.2930636445320893E-002
 inf is   8.2930636445320893E-002
 excess_p   3.5170693635546790     
 inf_deficit   0.0000000000000000     
 sws is   7.9402049723598616     
 sw_inf   0.0000000000000000     
 sws calcd   11.457274335914541     
 sm calcd   9.0566197754993230     
 gws is    44.610039767542325     
 vanGI called. sm_eq is    7.3457246173066899     
 k_inf_gw is   8.2930636445320893E-002
 gw_inf is   8.2930636445320893E-002
 sm recalcd    8.9736891390540023     
 gws calcd   44.886475222360062     
 gws recalcd   44.886475222360062     
 ET is   3.0000000000000000     
 sw et removed   3.0000000000000000     
 sm et removed   0.0000000000000000     
 sm is   8.9736891390540023     
 new sm_eq   7.3172984110742618     
 k_inf_gw remaining   0.0000000000000000     
 addnl gw_inf   0.0000000000000000     
 sm-gw balanced   8.9736891390540023        44.886475222360062     
 outer loop entered. ts           17
 inner loop entered. elem           1
 bot   100.71914265601792     
 bot   80.719142656017922     
 UZ entered
 L is   55.832667433657861     
 P is   3.6000000000000001     
 sm is   8.9736891390540023     
 epv is   16.749800230097357     
 sm/epv  0.53574902481101672     
 got k   8.4224186854659974E-002
 inf is   8.4224186854659974E-002
 excess_p   3.5157758131453400     
 inf_deficit   0.0000000000000000     
 sws is   8.4572743359145406     
 sw_inf   0.0000000000000000     
 sws calcd   11.973050149059880     
 sm calcd   9.0579133259086628     
 gws is    44.886475222360062     
 vanGI called. sm_eq is    7.3172984110742618     
 k_inf_gw is   8.4224186854659974E-002
 gw_inf is   8.4224186854659974E-002
 sm recalcd    8.9736891390540023     
 gws calcd   45.167222511875593     
 gws recalcd   45.167222511875593     
 ET is   3.0000000000000000     
 sw et removed   3.0000000000000000     
 sm et removed   0.0000000000000000     
 sm is   8.9736891390540023     
 new sm_eq   7.2884228441113024     
 k_inf_gw remaining   0.0000000000000000     
 addnl gw_inf   0.0000000000000000     
 sm-gw balanced   8.9736891390540023        45.167222511875593     
 outer loop entered. ts           18
 inner loop entered. elem           1
 bot   100.71914265601792     
 bot   80.719142656017922     
 UZ entered
 L is   55.551920144142329     
 P is   3.6000000000000001     
 sm is   8.9736891390540023     
 epv is   16.665576043242698     
 sm/epv  0.53845658354500836     
 got k   8.5565659061293278E-002
 inf is   8.5565659061293278E-002
 excess_p   3.5144343409387067     
 inf_deficit   0.0000000000000000     
 sws is   8.9730501490598797     
 sw_inf   0.0000000000000000     
 sws calcd   12.487484489998586     
 sm calcd   9.0592547981152958     
 gws is    45.167222511875593     
 vanGI called. sm_eq is    7.2884228441113024     
 k_inf_gw is   8.5565659061293278E-002
 gw_inf is   8.5565659061293278E-002
 sm recalcd    8.9736891390540023     
 gws calcd   45.452441375413237     
 gws recalcd   45.452441375413237     
 ET is   3.0000000000000000     
 sw et removed   3.0000000000000000     
 sm et removed   0.0000000000000000     
 sm is   8.9736891390540023     
 new sm_eq   7.2590811263790345     
 k_inf_gw remaining   0.0000000000000000     
 addnl gw_inf   0.0000000000000000     
 sm-gw balanced   8.9736891390540023        45.452441375413237     
 outer loop entered. ts           19
 inner loop entered. elem           1
 bot   100.71914265601792     
 bot   80.719142656017922     
 UZ entered
 L is   55.266701280604686     
 P is   3.6000000000000001     
 sm is   8.9736891390540023     
 epv is   16.580010384181406     
 sm/epv  0.54123543539005170     
 got k   8.6957896591097858E-002
 inf is   8.6957896591097858E-002
 excess_p   3.5130421034089023     
 inf_deficit   0.0000000000000000     
 sws is   9.4874844899985860     
 sw_inf   0.0000000000000000     
 sws calcd   13.000526593407489     
 sm calcd   9.0606470356451005     
 gws is    45.452441375413237     
 vanGI called. sm_eq is    7.2590811263790345     
 k_inf_gw is   8.6957896591097858E-002
 gw_inf is   8.6957896591097858E-002
 sm recalcd    8.9736891390540023     
 gws calcd   45.742301030716895     
 gws recalcd   45.742301030716895     
 ET is   3.0000000000000000     
 sw et removed   3.0000000000000000     
 sm et removed   0.0000000000000000     
 sm is   8.9736891390540023     
 new sm_eq   7.2292554649363758     
 k_inf_gw remaining   0.0000000000000000     
 addnl gw_inf   0.0000000000000000     
 sm-gw balanced   8.9736891390540023        45.742301030716895     
 outer loop entered. ts           20
 inner loop entered. elem           1
 bot   100.71914265601792     
 bot   80.719142656017922     
 UZ entered
 L is   54.976841625301027     
 P is   3.6000000000000001     
 sm is   8.9736891390540023     
 epv is   16.493052487590308     
 sm/epv  0.54408904269273262     
 got k   8.8403977695830457E-002
 inf is   8.8403977695830457E-002
 excess_p   3.5115960223041696     
 inf_deficit   0.0000000000000000     
 sws is   10.000526593407489     
 sw_inf   0.0000000000000000     
 sws calcd   13.512122615711659     
 sm calcd   9.0620931167498320     
 gws is    45.742301030716895     
 vanGI called. sm_eq is    7.2292554649363758     
 k_inf_gw is   8.8403977695830457E-002
 gw_inf is   8.8403977695830457E-002
 sm recalcd    8.9736891390540023     
 gws calcd   46.036980956369661     
 gws recalcd   46.036980956369661     
 ET is   3.0000000000000000     
 sw et removed   3.0000000000000000     
 sm et removed   0.0000000000000000     
 sm is   8.9736891390540023     
 new sm_eq   7.1989269806877036     
 k_inf_gw remaining   0.0000000000000000     
 addnl gw_inf   0.0000000000000000     
 sm-gw balanced   8.9736891390540023        46.036980956369661     
 outer loop entered. ts           21
 inner loop entered. elem           1
 bot   100.71914265601792     
 bot   80.719142656017922     
 UZ entered
 L is   54.682161699648262     
 P is   3.6000000000000001     
 sm is   8.9736891390540023     
 epv is   16.404648509894479     
 sm/epv  0.54702111621846172     
 got k   8.9907240410546013E-002
 inf is   8.9907240410546013E-002
 excess_p   3.5100927595894542     
 inf_deficit   0.0000000000000000     
 sws is   10.512122615711659     
 sw_inf   0.0000000000000000     
 sws calcd   14.022215375301114     
 sm calcd   9.0635963794645491     
 gws is    46.036980956369661     
 vanGI called. sm_eq is    7.1989269806877036     
 k_inf_gw is   8.9907240410546013E-002
 gw_inf is   8.9907240410546013E-002
 sm recalcd    8.9736891390540023     
 gws calcd   46.336671757738145     
 gws recalcd   46.336671757738145     
 ET is   3.0000000000000000     
 sw et removed   3.0000000000000000     
 sm et removed   0.0000000000000000     
 sm is   8.9736891390540023     
 new sm_eq   7.1680756161992054     
 k_inf_gw remaining   0.0000000000000000     
 addnl gw_inf   0.0000000000000000     
 sm-gw balanced   8.9736891390540023        46.336671757738145     
 outer loop entered. ts           22
 inner loop entered. elem           1
 bot   100.71914265601792     
 bot   80.719142656017922     
 UZ entered
 L is   54.382470898279777     
 P is   3.6000000000000001     
 sm is   8.9736891390540023     
 epv is   16.314741269483932     
 sm/epv  0.55003563898613139     
 got k   9.1471310919204352E-002
 inf is   9.1471310919204352E-002
 excess_p   3.5085286890807956     
 inf_deficit   0.0000000000000000     
 sws is   11.022215375301114     
 sw_inf   0.0000000000000000     
 sws calcd   14.530744064381910     
 sm calcd   9.0651604499732059     
 gws is    46.336671757738145     
 vanGI called. sm_eq is    7.1680756161992054     
 k_inf_gw is   9.1471310919204352E-002
 gw_inf is   9.1471310919204352E-002
 sm recalcd    8.9736891390540023     
 gws calcd   46.641576127468824     
 gws recalcd   46.641576127468824     
 ET is   3.0000000000000000     
 sw et removed   3.0000000000000000     
 sm et removed   0.0000000000000000     
 sm is   8.9736891390540023     
 new sm_eq   7.1366800333993368     
 k_inf_gw remaining   0.0000000000000000     
 addnl gw_inf   0.0000000000000000     
 sm-gw balanced   8.9736891390540023        46.641576127468824     
 outer loop entered. ts           23
 inner loop entered. elem           1
 bot   100.71914265601792     
 bot   80.719142656017922     
 UZ entered
 L is   54.077566528549099     
 P is   3.6000000000000001     
 sm is   8.9736891390540023     
 epv is   16.223269958564728     
 sm/epv  0.55313689299218838     
 got k   9.3100135752624547E-002
 inf is   9.3100135752624547E-002
 excess_p   3.5068998642473757     
 inf_deficit   0.0000000000000000     
 sws is   11.530744064381910     
 sw_inf   0.0000000000000000     
 sws calcd   15.037643928629286     
 sm calcd   9.0667892748066272     
 gws is    46.641576127468824     
 vanGI called. sm_eq is    7.1366800333993368     
 k_inf_gw is   9.3100135752624547E-002
 gw_inf is   9.3100135752624547E-002
 sm recalcd    8.9736891390540023     
 gws calcd   46.951909913310907     
 gws recalcd   46.951909913310907     
 ET is   3.0000000000000000     
 sw et removed   3.0000000000000000     
 sm et removed   0.0000000000000000     
 sm is   8.9736891390540023     
 new sm_eq   7.1047174997904321     
 k_inf_gw remaining   0.0000000000000000     
 addnl gw_inf   0.0000000000000000     
 sm-gw balanced   8.9736891390540023        46.951909913310907     
 outer loop entered. ts           24
 inner loop entered. elem           1
 bot   100.71914265601792     
 bot   80.719142656017922     
 UZ entered
 L is   53.767232742707016     
 P is   3.6000000000000001     
 sm is   8.9736891390540023     
 epv is   16.130169822812103     
 sm/epv  0.55632948925081727     
 got k   9.4798018440490267E-002
 inf is   9.4798018440490267E-002
 excess_p   3.5052019815595097     
 inf_deficit   0.0000000000000000     
 sws is   12.037643928629286     
 sw_inf   0.0000000000000000     
 sws calcd   15.542845910188795     
 sm calcd   9.0684871574944932     
 gws is    46.951909913310907     
 vanGI called. sm_eq is    7.1047174997904321     
 k_inf_gw is   9.4798018440490267E-002
 gw_inf is   9.4798018440490267E-002
 sm recalcd    8.9736891390540023     
 gws calcd   47.267903308112544     
 gws recalcd   47.267903308112544     
 ET is   3.0000000000000000     
 sw et removed   3.0000000000000000     
 sm et removed   0.0000000000000000     
 sm is   8.9736891390540023     
 new sm_eq   7.0721637615748723     
 k_inf_gw remaining   0.0000000000000000     
 addnl gw_inf   0.0000000000000000     
 sm-gw balanced   8.9736891390540023        47.267903308112544     
 outer loop entered. ts           25
 inner loop entered. elem           1
 bot   100.71914265601792     
 bot   80.719142656017922     
 UZ entered
 L is   53.451239347905378     
 P is   3.6000000000000001     
 sm is   8.9736891390540023     
 epv is   16.035371804371614     
 sm/epv  0.55961840165175136     
 got k   9.6569661357633368E-002
 inf is   9.6569661357633368E-002
 excess_p   3.5034303386423669     
 inf_deficit   0.0000000000000000     
 sws is   12.542845910188795     
 sw_inf   0.0000000000000000     
 sws calcd   16.046276248831163     
 sm calcd   9.0702588004116365     
 gws is    47.267903308112544     
 vanGI called. sm_eq is    7.0721637615748723     
 k_inf_gw is   9.6569661357633368E-002
 gw_inf is   9.6569661357633368E-002
 sm recalcd    8.9736891390540023     
 gws calcd   47.589802179304655     
 gws recalcd   47.589802179304655     
 ET is   3.0000000000000000     
 sw et removed   3.0000000000000000     
 sm et removed   0.0000000000000000     
 sm is   8.9736891390540023     
 new sm_eq   7.0389929018327226     
 k_inf_gw remaining   0.0000000000000000     
 addnl gw_inf   0.0000000000000000     
 sm-gw balanced   8.9736891390540023        47.589802179304655     
 outer loop entered. ts           26
 inner loop entered. elem           1
 bot   100.71914265601792     
 bot   80.719142656017922     
 UZ entered
 L is   53.129340476713267     
 P is   3.6000000000000001     
 sm is   8.9736891390540023     
 epv is   15.938802143013980     
 sm/epv  0.56300900522735919     
 got k   9.8420213649465599E-002
 inf is   9.8420213649465599E-002
 excess_p   3.5015797863505345     
 inf_deficit   0.0000000000000000     
 sws is   13.046276248831163     
 sw_inf   0.0000000000000000     
 sws calcd   16.547856035181695     
 sm calcd   9.0721093527034675     
 gws is    47.589802179304655     
 vanGI called. sm_eq is    7.0389929018327226     
 k_inf_gw is   9.8420213649465599E-002
 gw_inf is   9.8420213649465599E-002
 sm recalcd    8.9736891390540023     
 gws calcd   47.917869558136211     
 gws recalcd   47.917869558136211     
 ET is   3.0000000000000000     
 sw et removed   3.0000000000000000     
 sm et removed   0.0000000000000000     
 sm is   8.9736891390540023     
 new sm_eq   7.0051771815690040     
 k_inf_gw remaining   0.0000000000000000     
 addnl gw_inf   0.0000000000000000     
 sm-gw balanced   8.9736891390540023        47.917869558136211     
 outer loop entered. ts           27
 inner loop entered. elem           1
 bot   100.71914265601792     
 bot   80.719142656017922     
 UZ entered
 L is   52.801273097881712     
 P is   3.6000000000000001     
 sm is   8.9736891390540023     
 epv is   15.840381929364513     
 sm/epv  0.56650711952966215     
 got k  0.10035532629879168     
 inf is  0.10035532629879168     
 excess_p   3.4996446737012086     
 inf_deficit   0.0000000000000000     
 sws is   13.547856035181695     
 sw_inf   0.0000000000000000     
 sws calcd   17.047500708882904     
 sm calcd   9.0740444653527934     
 gws is    47.917869558136211     
 vanGI called. sm_eq is    7.0051771815690040     
 k_inf_gw is  0.10035532629879168     
 gw_inf is  0.10035532629879168     
 sm recalcd    8.9736891390540023     
 gws calcd   48.252387312465515     
 gws recalcd   48.252387312465515     
 ET is   3.0000000000000000     
 sw et removed   3.0000000000000000     
 sm et removed   0.0000000000000000     
 sm is   8.9736891390540023     
 new sm_eq   6.9706868610658299     
 k_inf_gw remaining   0.0000000000000000     
 addnl gw_inf   0.0000000000000000     
 sm-gw balanced   8.9736891390540023        48.252387312465515     
 outer loop entered. ts           28
 inner loop entered. elem           1
 bot   100.71914265601792     
 bot   80.719142656017922     
 UZ entered
 L is   52.466755343552407     
 P is   3.6000000000000001     
 sm is   8.9736891390540023     
 epv is   15.740026603065722     
 sm/epv  0.57011905795039608     
 got k  0.10238121561473786     
 inf is  0.10238121561473786     
 excess_p   3.4976187843852622     
 inf_deficit   0.0000000000000000     
 sws is   14.047500708882904     
 sw_inf   0.0000000000000000     
 sws calcd   17.545119493268167     
 sm calcd   9.0760703546687402     
 gws is    48.252387312465515     
 vanGI called. sm_eq is    6.9706868610658299     
 k_inf_gw is  0.10238121561473786     
 gw_inf is  0.10238121561473786     
 sm recalcd    8.9736891390540023     
 gws calcd   48.593658031181306     
 gws recalcd   48.593658031181306     
 ET is   3.0000000000000000     
 sw et removed   3.0000000000000000     
 sm et removed   0.0000000000000000     
 sm is   8.9736891390540023     
 new sm_eq   6.9354899985126677     
 k_inf_gw remaining   0.0000000000000000     
 addnl gw_inf   0.0000000000000000     
 sm-gw balanced   8.9736891390540023        48.593658031181306     
 outer loop entered. ts           29
 inner loop entered. elem           1
 bot   100.71914265601792     
 bot   80.719142656017922     
 UZ entered
 L is   52.125484624836616     
 P is   3.6000000000000001     
 sm is   8.9736891390540023     
 epv is   15.637645387450984     
 sm/epv  0.57385168397892405     
 got k  0.10450473669512894     
 inf is  0.10450473669512894     
 excess_p   3.4954952633048713     
 inf_deficit   0.0000000000000000     
 sws is   14.545119493268167     
 sw_inf   0.0000000000000000     
 sws calcd   18.040614756573039     
 sm calcd   9.0781938757491307     
 gws is    48.593658031181306     
 vanGI called. sm_eq is    6.9354899985126677     
 k_inf_gw is  0.10450473669512894     
 gw_inf is  0.10450473669512894     
 sm recalcd    8.9736891390540023     
 gws calcd   48.942007153498402     
 gws recalcd   48.942007153498402     
 ET is   3.0000000000000000     
 sw et removed   3.0000000000000000     
 sm et removed   0.0000000000000000     
 sm is   8.9736891390540023     
 new sm_eq   6.8995522223279471     
 k_inf_gw remaining   0.0000000000000000     
 addnl gw_inf   0.0000000000000000     
 sm-gw balanced   8.9736891390540023        48.942007153498402     
 outer loop entered. ts           30
 inner loop entered. elem           1
 bot   100.71914265601792     
 bot   80.719142656017922     
 UZ entered
 L is   51.777135502519521     
 P is   3.6000000000000001     
 sm is   8.9736891390540023     
 epv is   15.533140650755856     
 sm/epv  0.57771247559117000     
 got k  0.10673346875050221     
 inf is  0.10673346875050221     
 excess_p   3.4932665312494979     
 inf_deficit   0.0000000000000000     
 sws is   15.040614756573039     
 sw_inf   0.0000000000000000     
 sws calcd   18.533881287822538     
 sm calcd   9.0804226078045041     
 gws is    48.942007153498402     
 vanGI called. sm_eq is    6.8995522223279471     
 k_inf_gw is  0.10673346875050221     
 gw_inf is  0.10673346875050221     
 sm recalcd    8.9736891390540023     
 gws calcd   49.297785382666746     
 gws recalcd   49.297785382666746     
 ET is   3.0000000000000000     
 sw et removed   3.0000000000000000     
 sm et removed   0.0000000000000000     
 sm is   8.9736891390540023     
 new sm_eq   6.8628364729030675     
 k_inf_gw remaining   0.0000000000000000     
 addnl gw_inf   0.0000000000000000     
 sm-gw balanced   8.9736891390540023        49.297785382666746     
 outer loop entered. ts           31
 inner loop entered. elem           1
 bot   100.71914265601792     
 bot   80.719142656017922     
 UZ entered
 L is   51.421357273351177     
 P is   3.6000000000000001     
 sm is   8.9736891390540023     
 epv is   15.426407182005352     
 sm/epv  0.58170959920736831     
 got k  0.10907581459969636     
 inf is  0.10907581459969636     
 excess_p   3.4909241854003037     
 inf_deficit   0.0000000000000000     
 sws is   15.533881287822538     
 sw_inf   0.0000000000000000     
 sws calcd   19.024805473222841     
 sm calcd   9.0827649536536992     
 gws is    49.297785382666746     
 vanGI called. sm_eq is    6.8628364729030675     
 k_inf_gw is  0.10907581459969636     
 gw_inf is  0.10907581459969636     
 sm recalcd    8.9736891390540023     
 gws calcd   49.661371431332398     
 gws recalcd   49.661371431332398     
 ET is   3.0000000000000000     
 sw et removed   3.0000000000000000     
 sm et removed   0.0000000000000000     
 sm is   8.9736891390540023     
 new sm_eq   6.8253027086647382     
 k_inf_gw remaining   0.0000000000000000     
 addnl gw_inf   0.0000000000000000     
 sm-gw balanced   8.9736891390540023        49.661371431332398     
 outer loop entered. ts           32
 inner loop entered. elem           1
 bot   100.71914265601792     
 bot   80.719142656017922     
 UZ entered
 L is   51.057771224685524     
 P is   3.6000000000000001     
 sm is   8.9736891390540023     
 epv is   15.317331367405657     
 sm/epv  0.58585199495973972     
 got k  0.11154111717806858     
 inf is  0.11154111717806858     
 excess_p   3.4884588828219316     
 inf_deficit   0.0000000000000000     
 sws is   16.024805473222841     
 sw_inf   0.0000000000000000     
 sws calcd   19.513264356044772     
 sm calcd   9.0852302562320713     
 gws is    49.661371431332398     
 vanGI called. sm_eq is    6.8253027086647382     
 k_inf_gw is  0.11154111717806858     
 gw_inf is  0.11154111717806858     
 sm recalcd    8.9736891390540023     
 gws calcd   50.033175155259293     
 gws recalcd   50.033175155259293     
 ET is   3.0000000000000000     
 sw et removed   3.0000000000000000     
 sm et removed   0.0000000000000000     
 sm is   8.9736891390540023     
 new sm_eq   6.7869075703235149     
 k_inf_gw remaining   0.0000000000000000     
 addnl gw_inf   0.0000000000000000     
 sm-gw balanced   8.9736891390540023        50.033175155259293     
 outer loop entered. ts           33
 inner loop entered. elem           1
 bot   100.71914265601792     
 bot   80.719142656017922     
 UZ entered
 L is   50.685967500758629     
 P is   3.6000000000000001     
 sm is   8.9736891390540023     
 epv is   15.205790250227588     
 sm/epv  0.59014947538946172     
 got k  0.11413979657242701     
 inf is  0.11413979657242701     
 excess_p   3.4858602034275732     
 inf_deficit   0.0000000000000000     
 sws is   16.513264356044772     
 sw_inf   0.0000000000000000     
 sws calcd   19.999124559472346     
 sm calcd   9.0878289356264297     
 gws is    50.033175155259293     
 vanGI called. sm_eq is    6.7869075703235149     
 k_inf_gw is  0.11413979657242701     
 gw_inf is  0.11413979657242701     
 sm recalcd    8.9736891390540023     
 gws calcd   50.413641143834049     
 gws recalcd   50.413641143834049     
 ET is   3.0000000000000000     
 sw et removed   3.0000000000000000     
 sm et removed   0.0000000000000000     
 sm is   8.9736891390540023     
 new sm_eq   6.7476039959037459     
 k_inf_gw remaining   0.0000000000000000     
 addnl gw_inf   0.0000000000000000     
 sm-gw balanced   8.9736891390540023        50.413641143834049     
 outer loop entered. ts           34
 inner loop entered. elem           1
 bot   100.71914265601792     
 bot   80.719142656017922     
 UZ entered
 L is   50.305501512183874     
 P is   3.6000000000000001     
 sm is   8.9736891390540023     
 epv is   15.091650453655161     
 sm/epv  0.59461284016690152     
 got k  0.11688351195525989     
 inf is  0.11688351195525989     
 excess_p   3.4831164880447401     
 inf_deficit   0.0000000000000000     
 sws is   16.999124559472346     
 sw_inf   0.0000000000000000     
 sws calcd   20.482241047517086     
 sm calcd   9.0905726510092624     
 gws is    50.413641143834049     
 vanGI called. sm_eq is    6.7476039959037459     
 k_inf_gw is  0.11688351195525989     
 gw_inf is  0.11688351195525989     
 sm recalcd    8.9736891390540023     
 gws calcd   50.803252850351583     
 gws recalcd   50.803252850351583     
 ET is   3.0000000000000000     
 sw et removed   3.0000000000000000     
 sm et removed   0.0000000000000000     
 sm is   8.9736891390540023     
 new sm_eq   6.7073407775651823     
 k_inf_gw remaining   0.0000000000000000     
 addnl gw_inf   0.0000000000000000     
 sm-gw balanced   8.9736891390540023        50.803252850351583     
 outer loop entered. ts           35
 inner loop entered. elem           1
 bot   100.71914265601792     
 bot   80.719142656017922     
 UZ entered
 L is   49.915889805666339     
 P is   3.6000000000000001     
 sm is   8.9736891390540023     
 epv is   14.974766941699901     
 sm/epv  0.59925401002837442     
 got k  0.11978535389350962     
 inf is  0.11978535389350962     
 excess_p   3.4802146461064907     
 inf_deficit   0.0000000000000000     
 sws is   17.482241047517086     
 sw_inf   0.0000000000000000     
 sws calcd   20.962455693623575     
 sm calcd   9.0934744929475126     
 gws is    50.803252850351583     
 vanGI called. sm_eq is    6.7073407775651823     
 k_inf_gw is  0.11978535389350962     
 gw_inf is  0.11978535389350962     
 sm recalcd    8.9736891390540023     
 gws calcd   51.202537363329952     
 gws recalcd   51.202537363329952     
 ET is   3.0000000000000000     
 sw et removed   3.0000000000000000     
 sm et removed   0.0000000000000000     
 sm is   8.9736891390540023     
 new sm_eq   6.6660620492400033     
 k_inf_gw remaining   0.0000000000000000     
 addnl gw_inf   0.0000000000000000     
 sm-gw balanced   8.9736891390540023        51.202537363329952     
 outer loop entered. ts           36
 inner loop entered. elem           1
 bot   100.71914265601792     
 bot   80.719142656017922     
 UZ entered
 L is   49.516605292687970     
 P is   3.6000000000000001     
 sm is   8.9736891390540023     
 epv is   14.854981587806391     
 sm/epv  0.60408618388460289     
 got k  0.12286007393386823     
 inf is  0.12286007393386823     
 excess_p   3.4771399260661320     
 inf_deficit   0.0000000000000000     
 sws is   17.962455693623575     
 sw_inf   0.0000000000000000     
 sws calcd   21.439595619689708     
 sm calcd   9.0965492129878704     
 gws is    51.202537363329952     
 vanGI called. sm_eq is    6.6660620492400033     
 k_inf_gw is  0.12286007393386823     
 gw_inf is  0.12286007393386823     
 sm recalcd    8.9736891390540023     
 gws calcd   51.612070943109515     
 gws recalcd   51.612070943109515     
 ET is   3.0000000000000000     
 sw et removed   3.0000000000000000     
 sm et removed   0.0000000000000000     
 sm is   8.9736891390540023     
 new sm_eq   6.6237066916024450     
 k_inf_gw remaining   0.0000000000000000     
 addnl gw_inf   0.0000000000000000     
 sm-gw balanced   8.9736891390540023        51.612070943109515     
 outer loop entered. ts           37
 inner loop entered. elem           1
 bot   100.71914265601792     
 bot   80.719142656017922     
 UZ entered
 L is   49.107071712908407     
 P is   3.6000000000000001     
 sm is   8.9736891390540023     
 epv is   14.732121513872521     
 sm/epv  0.60912402403169952     
 got k  0.12612436022704690     
 inf is  0.12612436022704690     
 excess_p   3.4738756397729533     
 inf_deficit   0.0000000000000000     
 sws is   18.439595619689708     
 sw_inf   0.0000000000000000     
 sws calcd   21.913471259462661     
 sm calcd   9.0998134992810495     
 gws is    51.612070943109515     
 vanGI called. sm_eq is    6.6237066916024450     
 k_inf_gw is  0.12612436022704690     
 gw_inf is  0.12612436022704690     
 sm recalcd    8.9736891390540023     
 gws calcd   52.032485477199671     
 gws recalcd   52.032485477199671     
 ET is   3.0000000000000000     
 sw et removed   3.0000000000000000     
 sm et removed   0.0000000000000000     
 sm is   8.9736891390540023     
 new sm_eq   6.5802076377027934     
 k_inf_gw remaining   0.0000000000000000     
 addnl gw_inf   0.0000000000000000     
 sm-gw balanced   8.9736891390540023        52.032485477199671     
 outer loop entered. ts           38
 inner loop entered. elem           1
 bot   100.71914265601792     
 bot   80.719142656017922     
 UZ entered
 L is   48.686657178818251     
 P is   3.6000000000000001     
 sm is   8.9736891390540023     
 epv is   14.605997153645475     
 sm/epv  0.61438387565441099     
 got k  0.12959717039968996     
 inf is  0.12959717039968996     
 excess_p   3.4704028296003102     
 inf_deficit   0.0000000000000000     
 sws is   18.913471259462661     
 sw_inf   0.0000000000000000     
 sws calcd   22.383874089062971     
 sm calcd   9.1032863094536918     
 gws is    52.032485477199671     
 vanGI called. sm_eq is    6.5802076377027934     
 k_inf_gw is  0.12959717039968996     
 gw_inf is  0.12959717039968996     
 sm recalcd    8.9736891390540023     
 gws calcd   52.464476045198637     
 gws recalcd   52.464476045198637     
 ET is   3.0000000000000000     
 sw et removed   3.0000000000000000     
 sm et removed   0.0000000000000000     
 sm is   8.9736891390540023     
 new sm_eq   6.5354910585184447     
 k_inf_gw remaining   0.0000000000000000     
 addnl gw_inf   0.0000000000000000     
 sm-gw balanced   8.9736891390540023        52.464476045198637     
 outer loop entered. ts           39
 inner loop entered. elem           1
 bot   100.71914265601792     
 bot   80.719142656017922     
 UZ entered
 L is   48.254666610819285     
 P is   3.6000000000000001     
 sm is   8.9736891390540023     
 epv is   14.476399983245784     
 sm/epv  0.61988402844903934     
 got k  0.13330013612745653     
 inf is  0.13330013612745653     
 excess_p   3.4666998638725435     
 inf_deficit   0.0000000000000000     
 sws is   19.383874089062971     
 sw_inf   0.0000000000000000     
 sws calcd   22.850573952935513     
 sm calcd   9.1069892751814585     
 gws is    52.464476045198637     
 vanGI called. sm_eq is    6.5354910585184447     
 k_inf_gw is  0.13330013612745653     
 gw_inf is  0.13330013612745653     
 sm recalcd    8.9736891390540023     
 gws calcd   52.908809832290160     
 gws recalcd   52.908809832290160     
 ET is   3.0000000000000000     
 sw et removed   3.0000000000000000     
 sm et removed   0.0000000000000000     
 sm is   8.9736891390540023     
 new sm_eq   6.4894754024090773     
 k_inf_gw remaining   0.0000000000000000     
 addnl gw_inf   0.0000000000000000     
 sm-gw balanced   8.9736891390540023        52.908809832290160     
 outer loop entered. ts           40
 inner loop entered. elem           1
 bot   100.71914265601792     
 bot   80.719142656017922     
 UZ entered
 L is   47.810332823727762     
 P is   3.6000000000000001     
 sm is   8.9736891390540023     
 epv is   14.343099847118328     
 sm/epv  0.62564503034237096     
 got k  0.13725805820759909     
 inf is  0.13725805820759909     
 excess_p   3.4627419417924008     
 inf_deficit   0.0000000000000000     
 sws is   19.850573952935513     
 sw_inf   0.0000000000000000     
 sws calcd   23.313315894727914     
 sm calcd   9.1109471972616021     
 gws is    52.908809832290160     
 vanGI called. sm_eq is    6.4894754024090773     
 k_inf_gw is  0.13725805820759909     
 gw_inf is  0.13725805820759909     
 sm recalcd    8.9736891390540023     
 gws calcd   53.366336692982159     
 gws recalcd   53.366336692982159     
 ET is   3.0000000000000000     
 sw et removed   3.0000000000000000     
 sm et removed   0.0000000000000000     
 sm is   8.9736891390540023     
 new sm_eq   6.4420702556061862     
 k_inf_gw remaining   0.0000000000000000     
 addnl gw_inf   0.0000000000000000     
 sm-gw balanced   8.9736891390540023        53.366336692982159     
 outer loop entered. ts           41
 inner loop entered. elem           1
 bot   100.71914265601792     
 bot   80.719142656017922     
 UZ entered
 L is   47.352805963035763     
 P is   3.6000000000000001     
 sm is   8.9736891390540023     
 epv is   14.205841788910728     
 sm/epv  0.63169006612892065     
 got k  0.14149951680575637     
 inf is  0.14149951680575637     
 excess_p   3.4585004831942436     
 inf_deficit   0.0000000000000000     
 sws is   20.313315894727914     
 sw_inf   0.0000000000000000     
 sws calcd   23.771816377922157     
 sm calcd   9.1151886558597592     
 gws is    53.366336692982159     
 vanGI called. sm_eq is    6.4420702556061862     
 k_inf_gw is  0.14149951680575637     
 gw_inf is  0.14149951680575637     
 sm recalcd    8.9736891390540023     
 gws calcd   53.838001749001350     
 gws recalcd   53.838001749001350     
 ET is   3.0000000000000000     
 sw et removed   3.0000000000000000     
 sm et removed   0.0000000000000000     
 sm is   8.9736891390540023     
 new sm_eq   6.3931749818562356     
 k_inf_gw remaining   0.0000000000000000     
 addnl gw_inf   0.0000000000000000     
 sm-gw balanced   8.9736891390540023        53.838001749001350     
 outer loop entered. ts           42
 inner loop entered. elem           1
 bot   100.71914265601792     
 bot   80.719142656017922     
 UZ entered
 L is   46.881140907016572     
 P is   3.6000000000000001     
 sm is   8.9736891390540023     
 epv is   14.064342272104971     
 sm/epv  0.63804541765542055     
 got k  0.14605762958543617     
 inf is  0.14605762958543617     
 excess_p   3.4539423704145640     
 inf_deficit   0.0000000000000000     
 sws is   20.771816377922157     
 sw_inf   0.0000000000000000     
 sws calcd   24.225758748336720     
 sm calcd   9.1197467686394393     
 gws is    53.838001749001350     
 vanGI called. sm_eq is    6.3931749818562356     
 k_inf_gw is  0.14605762958543617     
 gw_inf is  0.14605762958543617     
 sm recalcd    8.9736891390540023     
 gws calcd   54.324860514286136     
 gws recalcd   54.324860514286136     
 ET is   3.0000000000000000     
 sw et removed   3.0000000000000000     
 sm et removed   0.0000000000000000     
 sm is   8.9736891390540023     
 new sm_eq   6.3426770873760079     
 k_inf_gw remaining   0.0000000000000000     
 addnl gw_inf   0.0000000000000000     
 sm-gw balanced   8.9736891390540023        54.324860514286136     
 outer loop entered. ts           43
 inner loop entered. elem           1
 bot   100.71914265601792     
 bot   80.719142656017922     
 UZ entered
 L is   46.394282141731786     
 P is   3.6000000000000001     
 sm is   8.9736891390540023     
 epv is   13.918284642519536     
 sm/epv  0.64474102732745620     
 got k  0.15097100153953152     
 inf is  0.15097100153953152     
 excess_p   3.4490289984604687     
 inf_deficit   0.0000000000000000     
 sws is   21.225758748336720     
 sw_inf   0.0000000000000000     
 sws calcd   24.674787746797190     
 sm calcd   9.1246601405935337     
 gws is    54.324860514286136     
 vanGI called. sm_eq is    6.3426770873760079     
 k_inf_gw is  0.15097100153953152     
 gw_inf is  0.15097100153953152     
 sm recalcd    8.9736891390540023     
 gws calcd   54.828097186084577     
 gws recalcd   54.828097186084577     
 ET is   3.0000000000000000     
 sw et removed   3.0000000000000000     
 sm et removed   0.0000000000000000     
 sm is   8.9736891390540023     
 new sm_eq   6.2904502412331604     
 k_inf_gw remaining   0.0000000000000000     
 addnl gw_inf   0.0000000000000000     
 sm-gw balanced   8.9736891390540023        54.828097186084577     
 outer loop entered. ts           44
 inner loop entered. elem           1
 bot   100.71914265601792     
 bot   80.719142656017922     
 UZ entered
 L is   45.891045469933346     
 P is   3.6000000000000001     
 sm is   8.9736891390540023     
 epv is   13.767313640980003     
 sm/epv  0.65181119374972163     
 got k  0.15628492590215592     
 inf is  0.15628492590215592     
 excess_p   3.4437150740978444     
 inf_deficit   0.0000000000000000     
 sws is   21.674787746797190     
 sw_inf   0.0000000000000000     
 sws calcd   25.118502820895035     
 sm calcd   9.1299740649561585     
 gws is    54.828097186084577     
 vanGI called. sm_eq is    6.2904502412331604     
 k_inf_gw is  0.15628492590215592     
 gw_inf is  0.15628492590215592     
 sm recalcd    8.9736891390540023     
 gws calcd   55.349046939091764     
 gws recalcd   55.349046939091764     
 ET is   3.0000000000000000     
 sw et removed   3.0000000000000000     
 sm et removed   0.0000000000000000     
 sm is   8.9736891390540023     
 new sm_eq   6.2363518594903837     
 k_inf_gw remaining   0.0000000000000000     
 addnl gw_inf   0.0000000000000000     
 sm-gw balanced   8.9736891390540023        55.349046939091764     
 outer loop entered. ts           45
 inner loop entered. elem           1
 bot   100.71914265601792     
 bot   80.719142656017922     
 UZ entered
 L is   45.370095716926159     
 P is   3.6000000000000001     
 sm is   8.9736891390540023     
 epv is   13.611028715077847     
 sm/epv  0.65929543805261737     
 got k  0.16205291760169985     
 inf is  0.16205291760169985     
 excess_p   3.4379470823983000     
 inf_deficit   0.0000000000000000     
 sws is   22.118502820895035     
 sw_inf   0.0000000000000000     
 sws calcd   25.556449903293334     
 sm calcd   9.1357420566557028     
 gws is    55.349046939091764     
 vanGI called. sm_eq is    6.2363518594903837     
 k_inf_gw is  0.16205291760169985     
 gw_inf is  0.16205291760169985     
 sm recalcd    8.9736891390540023     
 gws calcd   55.889223331097433     
 gws recalcd   55.889223331097433     
 ET is   3.0000000000000000     
 sw et removed   3.0000000000000000     
 sm et removed   0.0000000000000000     
 sm is   8.9736891390540023     
 new sm_eq   6.1802201315325718     
 k_inf_gw remaining   0.0000000000000000     
 addnl gw_inf   0.0000000000000000     
 sm-gw balanced   8.9736891390540023        55.889223331097433     
 outer loop entered. ts           46
 inner loop entered. elem           1
 bot   100.71914265601792     
 bot   80.719142656017922     
 UZ entered
 L is   44.829919324920489     
 P is   3.6000000000000001     
 sm is   8.9736891390540023     
 epv is   13.448975797476146     
 sm/epv  0.66723959312485470     
 got k  0.16833869251737710     
 inf is  0.16833869251737710     
 excess_p   3.4316613074826230     
 inf_deficit   0.0000000000000000     
 sws is   22.556449903293334     
 sw_inf   0.0000000000000000     
 sws calcd   25.988111210775958     
 sm calcd   9.1420278315713794     
 gws is    55.889223331097433     
 vanGI called. sm_eq is    6.1802201315325718     
 k_inf_gw is  0.16833869251737710     
 gw_inf is  0.16833869251737710     
 sm recalcd    8.9736891390540023     
 gws calcd   56.450352306155359     
 gws recalcd   56.450352306155359     
 ET is   3.0000000000000000     
 sw et removed   3.0000000000000000     
 sm et removed   0.0000000000000000     
 sm is   8.9736891390540023     
 new sm_eq   6.1218703253283886     
 k_inf_gw remaining   0.0000000000000000     
 addnl gw_inf   0.0000000000000000     
 sm-gw balanced   8.9736891390540023        56.450352306155359     
 outer loop entered. ts           47
 inner loop entered. elem           1
 bot   100.71914265601792     
 bot   80.719142656017922     
 UZ entered
 L is   44.268790349862563     
 P is   3.6000000000000001     
 sm is   8.9736891390540023     
 epv is   13.280637104958769     
 sm/epv  0.67569718742660134     
 got k  0.17521875232993400     
 inf is  0.17521875232993400     
 excess_p   3.4247812476700661     
 inf_deficit   0.0000000000000000     
 sws is   22.988111210775958     
 sw_inf   0.0000000000000000     
 sws calcd   26.412892458446024     
 sm calcd   9.1489078913839368     
 gws is    56.450352306155359     
 vanGI called. sm_eq is    6.1218703253283886     
 k_inf_gw is  0.17521875232993400     
 gw_inf is  0.17521875232993400     
 sm recalcd    8.9736891390540023     
 gws calcd   57.034414813921806     
 gws recalcd   57.034414813921806     
 ET is   3.0000000000000000     
 sw et removed   3.0000000000000000     
 sm et removed   0.0000000000000000     
 sm is   8.9736891390540023     
 new sm_eq   6.0610901494880549     
 k_inf_gw remaining   0.0000000000000000     
 addnl gw_inf   0.0000000000000000     
 sm-gw balanced   8.9736891390540023        57.034414813921806     
 outer loop entered. ts           48
 inner loop entered. elem           1
 bot   100.71914265601792     
 bot   80.719142656017922     
 UZ entered
 L is   43.684727842096116     
 P is   3.6000000000000001     
 sm is   8.9736891390540023     
 epv is   13.105418352628835     
 sm/epv  0.68473122319318847     
 got k  0.18278580401925973     
 inf is  0.18278580401925973     
 excess_p   3.4172141959807405     
 inf_deficit   0.0000000000000000     
 sws is   23.412892458446024     
 sw_inf   0.0000000000000000     
 sws calcd   26.830106654426764     
 sm calcd   9.1564749430732615     
 gws is    57.034414813921806     
 vanGI called. sm_eq is    6.0610901494880549     
 k_inf_gw is  0.18278580401925973     
 gw_inf is  0.18278580401925973     
 sm recalcd    8.9736891390540023     
 gws calcd   57.643700827319336     
 gws recalcd   57.643700827319336     
 ET is   3.0000000000000000     
 sw et removed   3.0000000000000000     
 sm et removed   0.0000000000000000     
 sm is   8.9736891390540023     
 new sm_eq   5.9976338654023227     
 k_inf_gw remaining   0.0000000000000000     
 addnl gw_inf   0.0000000000000000     
 sm-gw balanced   8.9736891390540023        57.643700827319336     
 outer loop entered. ts           49
 inner loop entered. elem           1
 bot   100.71914265601792     
 bot   80.719142656017922     
 UZ entered
 L is   43.075441828698587     
 P is   3.6000000000000001     
 sm is   8.9736891390540023     
 epv is   12.922632548609576     
 sm/epv  0.69441649023902141     
 got k  0.19115334813599980     
 inf is  0.19115334813599980     
 excess_p   3.4088466518640002     
 inf_deficit   0.0000000000000000     
 sws is   23.830106654426764     
 sw_inf   0.0000000000000000     
 sws calcd   27.238953306290764     
 sm calcd   9.1648424871900023     
 gws is    57.643700827319336     
 vanGI called. sm_eq is    5.9976338654023227     
 k_inf_gw is  0.19115334813599980     
 gw_inf is  0.19115334813599980     
 sm recalcd    8.9736891390540023     
 gws calcd   58.280878654439334     
 gws recalcd   58.280878654439334     
 ET is   3.0000000000000000     
 sw et removed   3.0000000000000000     
 sm et removed   0.0000000000000000     
 sm is   8.9736891390540023     
 new sm_eq   5.9312147191186888     
 k_inf_gw remaining   0.0000000000000000     
 addnl gw_inf   0.0000000000000000     
 sm-gw balanced   8.9736891390540023        58.280878654439334     
 outer loop entered. ts           50
 inner loop entered. elem           1
 bot   100.71914265601792     
 bot   80.719142656017922     
 UZ entered
 L is   42.438264001578588     
 P is   3.6000000000000001     
 sm is   8.9736891390540023     
 epv is   12.731479200473576     
 sm/epv  0.70484261865818432     
 got k  0.20046193273539645     
 inf is  0.20046193273539645     
 excess_p   3.3995380672646038     
 inf_deficit   0.0000000000000000     
 sws is   24.238953306290764     
 sw_inf   0.0000000000000000     
 sws calcd   27.638491373555368     
 sm calcd   9.1741510717893995     
 gws is    58.280878654439334     
 vanGI called. sm_eq is    5.9312147191186888     
 k_inf_gw is  0.20046193273539645     
 gw_inf is  0.20046193273539645     
 sm recalcd    8.9736891390540023     
 gws calcd   58.949085096890656     
 gws recalcd   58.949085096890656     
 ET is   3.0000000000000000     
 sw et removed   3.0000000000000000     
 sm et removed   0.0000000000000000     
 sm is   8.9736891390540023     
 new sm_eq   5.8614950783486037     
 k_inf_gw remaining   0.0000000000000000     
 addnl gw_inf   0.0000000000000000     
 sm-gw balanced   8.9736891390540023        58.949085096890656     
 outer loop entered. ts           51
 inner loop entered. elem           1
 bot   100.71914265601792     
 bot   80.719142656017922     
 UZ entered
 L is   41.770057559127267     
 P is   2.6999999999999997     
 sm is   8.9736891390540023     
 epv is   12.531017267738180     
 sm/epv  0.71611816880639667     
 got k  0.21088782786136515     
 inf is  0.21088782786136515     
 excess_p   2.4891121721386344     
 inf_deficit   0.0000000000000000     
 sws is   24.638491373555368     
 sw_inf   0.0000000000000000     
 sws calcd   27.127603545694001     
 sm calcd   9.1845769669153672     
 gws is    58.949085096890656     
 vanGI called. sm_eq is    5.8614950783486037     
 k_inf_gw is  0.21088782786136515     
 gw_inf is  0.21088782786136515     
 sm recalcd    8.9736891390540023     
 gws calcd   59.652044523095206     
 gws recalcd   59.652044523095206     
 ET is   3.0000000000000000     
 sw et removed   3.0000000000000000     
 sm et removed   0.0000000000000000     
 sm is   8.9736891390540023     
 new sm_eq   5.7880733794396324     
 k_inf_gw remaining   0.0000000000000000     
 addnl gw_inf   0.0000000000000000     
 sm-gw balanced   8.9736891390540023        59.652044523095206     
 outer loop entered. ts           52
 inner loop entered. elem           1
 bot   100.71914265601792     
 bot   80.719142656017922     
 UZ entered
 L is   41.067098132922716     
 P is   2.6999999999999997     
 sm is   8.9736891390540023     
 epv is   12.320129439876814     
 sm/epv  0.72837620601685238     
 got k  0.22265529506277618     
 inf is  0.22265529506277618     
 excess_p   2.4773447049372237     
 inf_deficit   0.0000000000000000     
 sws is   24.127603545694001     
 sw_inf   0.0000000000000000     
 sws calcd   26.604948250631224     
 sm calcd   9.1963444341167779     
 gws is    59.652044523095206     
 vanGI called. sm_eq is    5.7880733794396324     
 k_inf_gw is  0.22265529506277618     
 gw_inf is  0.22265529506277618     
 sm recalcd    8.9736891390540023     
 gws calcd   60.394228839971127     
 gws recalcd   60.394228839971127     
 ET is   3.0000000000000000     
 sw et removed   3.0000000000000000     
 sm et removed   0.0000000000000000     
 sm is   8.9736891390540023     
 new sm_eq   5.7104665509755508     
 k_inf_gw remaining   0.0000000000000000     
 addnl gw_inf   0.0000000000000000     
 sm-gw balanced   8.9736891390540023        60.394228839971127     
 outer loop entered. ts           53
 inner loop entered. elem           1
 bot   100.71914265601792     
 bot   80.719142656017922     
 UZ entered
 L is   40.324913816046795     
 P is   2.6999999999999997     
 sm is   8.9736891390540023     
 epv is   12.097474144814038     
 sm/epv  0.74178204736241204     
 got k  0.23605432870528320     
 inf is  0.23605432870528320     
 excess_p   2.4639456712947165     
 inf_deficit   0.0000000000000000     
 sws is   23.604948250631224     
 sw_inf   0.0000000000000000     
 sws calcd   26.068893921925941     
 sm calcd   9.2097434677592851     
 gws is    60.394228839971127     
 vanGI called. sm_eq is    5.7104665509755508     
 k_inf_gw is  0.23605432870528320     
 gw_inf is  0.23605432870528320     
 sm recalcd    8.9736891390540023     
 gws calcd   61.181076602322072     
 gws recalcd   61.181076602322072     
 ET is   3.0000000000000000     
 sw et removed   3.0000000000000000     
 sm et removed   0.0000000000000000     
 sm is   8.9736891390540023     
 new sm_eq   5.6280858803292997     
 k_inf_gw remaining   0.0000000000000000     
 addnl gw_inf   0.0000000000000000     
 sm-gw balanced   8.9736891390540023        61.181076602322072     
 outer loop entered. ts           54
 inner loop entered. elem           1
 bot   100.71914265601792     
 bot   80.719142656017922     
 UZ entered
 L is   39.538066053695850     
 P is   2.6999999999999997     
 sm is   8.9736891390540023     
 epv is   11.861419816108755     
 sm/epv  0.75654426520398643     
 got k  0.25146695994185181     
 inf is  0.25146695994185181     
 excess_p   2.4485330400581478     
 inf_deficit   0.0000000000000000     
 sws is   23.068893921925941     
 sw_inf   0.0000000000000000     
 sws calcd   25.517426961984089     
 sm calcd   9.2251560989958534     
 gws is    61.181076602322072     
 vanGI called. sm_eq is    5.6280858803292997     
 k_inf_gw is  0.25146695994185181     
 gw_inf is  0.25146695994185181     
 sm recalcd    8.9736891390540023     
 gws calcd   62.019299802128245     
 gws recalcd   62.019299802128245     
 ET is   3.0000000000000000     
 sw et removed   3.0000000000000000     
 sm et removed   0.0000000000000000     
 sm is   8.9736891390540023     
 new sm_eq   5.5402031281783488     
 k_inf_gw remaining   0.0000000000000000     
 addnl gw_inf   0.0000000000000000     
 sm-gw balanced   8.9736891390540023        62.019299802128245     
 outer loop entered. ts           55
 inner loop entered. elem           1
 bot   100.71914265601792     
 bot   80.719142656017922     
 UZ entered
 L is   38.699842853889677     
 P is   2.6999999999999997     
 sm is   8.9736891390540023     
 epv is   11.609952856166903     
 sm/epv  0.77293071300349114     
 got k  0.26940739181142054     
 inf is  0.26940739181142054     
 excess_p   2.4305926081885794     
 inf_deficit   0.0000000000000000     
 sws is   22.517426961984089     
 sw_inf   0.0000000000000000     
 sws calcd   24.948019570172669     
 sm calcd   9.2430965308654223     
 gws is    62.019299802128245     
 vanGI called. sm_eq is    5.5402031281783488     
 k_inf_gw is  0.26940739181142054     
 gw_inf is  0.26940739181142054     
 sm recalcd    8.9736891390540023     
 gws calcd   62.917324441499645     
 gws recalcd   62.917324441499645     
 ET is   3.0000000000000000     
 sw et removed   3.0000000000000000     
 sm et removed   0.0000000000000000     
 sm is   8.9736891390540023     
 new sm_eq   5.4459017148835231     
 k_inf_gw remaining   0.0000000000000000     
 addnl gw_inf   0.0000000000000000     
 sm-gw balanced   8.9736891390540023        62.917324441499645     
 outer loop entered. ts           56
 inner loop entered. elem           1
 bot   100.71914265601792     
 bot   80.719142656017922     
 UZ entered
 L is   37.801818214518278     
 P is   2.6999999999999997     
 sm is   8.9736891390540023     
 epv is   11.340545464355483     
 sm/epv  0.79129255001527421     
 got k  0.29058530810650063     
 inf is  0.29058530810650063     
 excess_p   2.4094146918934989     
 inf_deficit   0.0000000000000000     
 sws is   21.948019570172669     
 sw_inf   0.0000000000000000     
 sws calcd   24.357434262066167     
 sm calcd   9.2642744471605027     
 gws is    62.917324441499645     
 vanGI called. sm_eq is    5.4459017148835231     
 k_inf_gw is  0.29058530810650063     
 gw_inf is  0.29058530810650063     
 sm recalcd    8.9736891390540023     
 gws calcd   63.885942135187982     
 gws recalcd   63.885942135187982     
 ET is   3.0000000000000000     
 sw et removed   3.0000000000000000     
 sm et removed   0.0000000000000000     
 sm is   8.9736891390540023     
 new sm_eq   5.3440042697938903     
 k_inf_gw remaining   0.0000000000000000     
 addnl gw_inf   0.0000000000000000     
 sm-gw balanced   8.9736891390540023        63.885942135187982     
 outer loop entered. ts           57
 inner loop entered. elem           1
 bot   100.71914265601792     
 bot   80.719142656017922     
 UZ entered
 L is   36.833200520829941     
 P is   2.6999999999999997     
 sm is   8.9736891390540023     
 epv is   11.049960156248982     
 sm/epv  0.81210149287092182     
 got k  0.31600970371491222     
 inf is  0.31600970371491222     
 excess_p   2.3839902962850874     
 inf_deficit   0.0000000000000000     
 sws is   21.357434262066167     
 sw_inf   0.0000000000000000     
 sws calcd   23.741424558351255     
 sm calcd   9.2896988427689138     
 gws is    63.885942135187982     
 vanGI called. sm_eq is    5.3440042697938903     
 k_inf_gw is  0.31600970371491222     
 gw_inf is  0.31600970371491222     
 sm recalcd    8.9736891390540023     
 gws calcd   64.939307814237694     
 gws recalcd   64.939307814237694     
 ET is   3.0000000000000000     
 sw et removed   3.0000000000000000     
 sm et removed   0.0000000000000000     
 sm is   8.9736891390540023     
 new sm_eq   5.2329612458817536     
 k_inf_gw remaining   0.0000000000000000     
 addnl gw_inf   0.0000000000000000     
 sm-gw balanced   8.9736891390540023        64.939307814237694     
 outer loop entered. ts           58
 inner loop entered. elem           1
 bot   100.71914265601792     
 bot   80.719142656017922     
 UZ entered
 L is   35.779834841780229     
 P is   2.6999999999999997     
 sm is   8.9736891390540023     
 epv is   10.733950452534069     
 sm/epv  0.83600992744805291     
 got k  0.34716724421896933     
 inf is  0.34716724421896933     
 excess_p   2.3528327557810305     
 inf_deficit   0.0000000000000000     
 sws is   20.741424558351255     
 sw_inf   0.0000000000000000     
 sws calcd   23.094257314132285     
 sm calcd   9.3208563832729716     
 gws is    64.939307814237694     
 vanGI called. sm_eq is    5.2329612458817536     
 k_inf_gw is  0.34716724421896933     
 gw_inf is  0.34716724421896933     
 sm recalcd    8.9736891390540023     
 gws calcd   66.096531961634255     
 gws recalcd   66.096531961634255     
 ET is   3.0000000000000000     
 sw et removed   3.0000000000000000     
 sm et removed   0.0000000000000000     
 sm is   8.9736891390540023     
 new sm_eq   5.1106723122778570     
 k_inf_gw remaining   0.0000000000000000     
 addnl gw_inf   0.0000000000000000     
 sm-gw balanced   8.9736891390540023        66.096531961634255     
 outer loop entered. ts           59
 inner loop entered. elem           1
 bot   100.71914265601792     
 bot   80.719142656017922     
 UZ entered
 L is   34.622610694383667     
 P is   2.6999999999999997     
 sm is   8.9736891390540023     
 epv is   10.386783208315100     
 sm/epv  0.86395267515260643     
 got k  0.38634630003124221     
 inf is  0.38634630003124221     
 excess_p   2.3136536999687576     
 inf_deficit   0.0000000000000000     
 sws is   20.094257314132285     
 sw_inf   0.0000000000000000     
 sws calcd   22.407911014101042     
 sm calcd   9.3600354390852445     
 gws is    66.096531961634255     
 vanGI called. sm_eq is    5.1106723122778570     
 k_inf_gw is  0.38634630003124221     
 gw_inf is  0.38634630003124221     
 sm recalcd    8.9736891390540023     
 gws calcd   67.384352961738401     
 gws recalcd   67.384352961738401     
 ET is   3.0000000000000000     
 sw et removed   3.0000000000000000     
 sm et removed   0.0000000000000000     
 sm is   8.9736891390540023     
 new sm_eq   4.9741848796211379     
 k_inf_gw remaining   0.0000000000000000     
 addnl gw_inf   0.0000000000000000     
 sm-gw balanced   8.9736891390540023        67.384352961738401     
 outer loop entered. ts           60
 inner loop entered. elem           1
 bot   100.71914265601792     
 bot   80.719142656017922     
 UZ entered
 L is   33.334789694279522     
 P is   2.6999999999999997     
 sm is   8.9736891390540023     
 epv is   10.000436908283856     
 sm/epv  0.89732970882708663     
 got k  0.43726780074020305     
 inf is  0.43726780074020305     
 excess_p   2.2627321992597969     
 inf_deficit   0.0000000000000000     
 sws is   19.407911014101042     
 sw_inf   0.0000000000000000     
 sws calcd   21.670643213360840     
 sm calcd   9.4109569397942057     
 gws is    67.384352961738401     
 vanGI called. sm_eq is    4.9741848796211379     
 k_inf_gw is  0.43726780074020305     
 gw_inf is  0.43726780074020305     
 sm recalcd    8.9736891390540023     
 gws calcd   68.841912297539082     
 gws recalcd   68.841912297539082     
 ET is   3.0000000000000000     
 sw et removed   3.0000000000000000     
 sm et removed   0.0000000000000000     
 sm is   8.9736891390540023     
 new sm_eq   4.8191516316806657     
 k_inf_gw remaining   0.0000000000000000     
 addnl gw_inf   0.0000000000000000     
 sm-gw balanced   8.9736891390540023        68.841912297539082     
 outer loop entered. ts           61
 inner loop entered. elem           1
 bot   100.71914265601792     
 bot   80.719142656017922     
 UZ entered
 L is   31.877230358478840     
 P is   2.6999999999999997     
 sm is   8.9736891390540023     
 epv is   9.5631691075436525     
 sm/epv  0.93835934909645646     
 got k  0.50642613860652164     
 inf is  0.50642613860652164     
 excess_p   2.1935738613934781     
 inf_deficit   0.0000000000000000     
 sws is   18.670643213360840     
 sw_inf   0.0000000000000000     
 sws calcd   20.864217074754318     
 sm calcd   9.4801152776605235     
 gws is    68.841912297539082     
 vanGI called. sm_eq is    4.8191516316806657     
 k_inf_gw is  0.50642613860652164     
 gw_inf is  0.50642613860652164     
 sm recalcd    8.9736891390540023     
 gws calcd   70.529999426227491     
 gws recalcd   70.529999426227491     
 ET is   3.0000000000000000     
 sw et removed   3.0000000000000000     
 sm et removed   0.0000000000000000     
 sm is   8.9736891390540023     
 new sm_eq   4.6387709586811292     
 k_inf_gw remaining   0.0000000000000000     
 addnl gw_inf   0.0000000000000000     
 sm-gw balanced   8.9736891390540023        70.529999426227491     
 outer loop entered. ts           62
 inner loop entered. elem           1
 bot   100.71914265601792     
 bot   80.719142656017922     
 UZ entered
 L is   30.189143229790432     
 P is   2.6999999999999997     
 sm is   8.9736891390540023     
 epv is   9.0567429689371295     
 sm/epv  0.99082961389453295     
 got k  0.60628826504183908     
 inf is  0.60628826504183908     
 excess_p   2.0937117349581609     
 inf_deficit   0.0000000000000000     
 sws is   17.864217074754318     
 sw_inf   0.0000000000000000     
 sws calcd   19.957928809712477     
 sm calcd   9.5799774040958408     
 gws is    70.529999426227491     
 vanGI called. sm_eq is    4.6387709586811292     
 k_inf_gw is  0.60628826504183908     
 gw_inf is  0.60628826504183908     
 sm recalcd    8.9736891390540023     
 gws calcd   72.550960309700287     
 gws recalcd   72.550960309700287     
 ET is   3.0000000000000000     
 sw et removed   3.0000000000000000     
 sm et removed   0.0000000000000000     
 sm is   8.9736891390540023     
 new sm_eq   4.4214779466734555     
 k_inf_gw remaining   0.0000000000000000     
 addnl gw_inf   0.0000000000000000     
 sm-gw balanced   8.9736891390540023        72.550960309700287     
 outer loop entered. ts           63
 inner loop entered. elem           1
 bot   100.71914265601792     
 bot   80.719142656017922     
 UZ entered
 L is   28.168182346317636     
 P is   2.6999999999999997     
 sm is   8.9736891390540023     
 epv is   8.4504547038952911     
 sm/epv   1.0619179030588168     
 got k  0.62514380272590619     
 inf is  0.62514380272590619     
 excess_p   2.0748561972740935     
 inf_deficit   0.0000000000000000     
 sws is   16.957928809712477     
 sw_inf   0.0000000000000000     
 sws calcd   19.032785006986572     
 sm calcd   9.5988329417799090     
 gws is    72.550960309700287     
 vanGI called. sm_eq is    4.4214779466734555     
 k_inf_gw is  0.62514380272590619     
 gw_inf is  0.62514380272590619     
 sm recalcd    8.9736891390540023     
 gws calcd   74.634772985453310     
 gws recalcd   74.634772985453310     
 ET is   3.0000000000000000     
 sw et removed   3.0000000000000000     
 sm et removed   0.0000000000000000     
 sm is   8.9736891390540023     
 new sm_eq   4.1956170714946541     
 k_inf_gw remaining   0.0000000000000000     
 addnl gw_inf   0.0000000000000000     
 sm-gw balanced   8.9736891390540023        74.634772985453310     
 outer loop entered. ts           64
 inner loop entered. elem           1
 bot   100.71914265601792     
 bot   80.719142656017922     
 UZ entered
 L is   26.084369670564612     
 P is   2.6999999999999997     
 sm is   8.9736891390540023     
 epv is   7.8253109011693835     
 sm/epv   1.1467517715766424     
 got k  0.62514380272590619     
 inf is  0.62514380272590619     
 excess_p   2.0748561972740935     
 inf_deficit   0.0000000000000000     
 sws is   16.032785006986572     
 sw_inf   0.0000000000000000     
 sws calcd   18.107641204260666     
 sm calcd   9.5988329417799090     
 gws is    74.634772985453310     
 vanGI called. sm_eq is    4.1956170714946541     
 k_inf_gw is  0.62514380272590619     
 gw_inf is  0.62514380272590619     
 sm recalcd    8.9736891390540023     
 gws calcd   76.718585661206333     
 gws recalcd   76.718585661206333     
 ET is   3.0000000000000000     
 sw et removed   3.0000000000000000     
 sm et removed   0.0000000000000000     
 sm is   8.9736891390540023     
 new sm_eq   3.9675332945706994     
 k_inf_gw remaining   0.0000000000000000     
 addnl gw_inf   0.0000000000000000     
 sm-gw balanced   8.9736891390540023        76.718585661206333     
 outer loop entered. ts           65
 inner loop entered. elem           1
 bot   100.71914265601792     
 bot   80.719142656017922     
 UZ entered
 L is   24.000556994811589     
 P is   2.6999999999999997     
 sm is   8.9736891390540023     
 epv is   7.2001670984434760     
 sm/epv   1.2463167890914537     
 got k  0.62514380272590619     
 inf is  0.62514380272590619     
 excess_p   2.0748561972740935     
 inf_deficit   0.0000000000000000     
 sws is   15.107641204260666     
 sw_inf   0.0000000000000000     
 sws calcd   17.182497401534761     
 sm calcd   9.5988329417799090     
 gws is    76.718585661206333     
 vanGI called. sm_eq is    3.9675332945706994     
 k_inf_gw is  0.62514380272590619     
 gw_inf is  0.62514380272590619     
 sm recalcd    8.9736891390540023     
 gws calcd   78.802398336959357     
 gws recalcd   78.802398336959357     
 ET is   3.0000000000000000     
 sw et removed   3.0000000000000000     
 sm et removed   0.0000000000000000     
 sm is   8.9736891390540023     
 new sm_eq   3.7367128608246514     
 k_inf_gw remaining   0.0000000000000000     
 addnl gw_inf   0.0000000000000000     
 sm-gw balanced   8.9736891390540023        78.802398336959357     
 outer loop entered. ts           66
 inner loop entered. elem           1
 bot   100.71914265601792     
 bot   80.719142656017922     
 UZ entered
 L is   21.916744319058566     
 P is   2.6999999999999997     
 sm is   8.9736891390540023     
 epv is   6.5750232957175694     
 sm/epv   1.3648148052796600     
 got k  0.62514380272590619     
 inf is  0.62514380272590619     
 excess_p   2.0748561972740935     
 inf_deficit   0.0000000000000000     
 sws is   14.182497401534761     
 sw_inf   0.0000000000000000     
 sws calcd   16.257353598808855     
 sm calcd   9.5988329417799090     
 gws is    78.802398336959357     
 vanGI called. sm_eq is    3.7367128608246514     
 k_inf_gw is  0.62514380272590619     
 gw_inf is  0.62514380272590619     
 sm recalcd    8.9736891390540023     
 gws calcd   80.886211012712380     
 gws recalcd   80.886211012712380     
 ET is   3.0000000000000000     
 sw et removed   3.0000000000000000     
 sm et removed   0.0000000000000000     
 sm is   8.9736891390540023     
 new sm_eq   3.5024593911957473     
 k_inf_gw remaining   0.0000000000000000     
 addnl gw_inf   0.0000000000000000     
 sm-gw balanced   8.9736891390540023        80.886211012712380     
 outer loop entered. ts           67
 inner loop entered. elem           1
 bot   100.71914265601792     
 bot   80.719142656017922     
 UZ entered
 L is   19.832931643305542     
 P is   2.6999999999999997     
 sm is   8.9736891390540023     
 epv is   5.9498794929916627     
 sm/epv   1.5082135948507986     
 got k  0.62514380272590619     
 inf is  0.62514380272590619     
 excess_p   2.0748561972740935     
 inf_deficit   0.0000000000000000     
 sws is   13.257353598808855     
 sw_inf   0.0000000000000000     
 sws calcd   15.332209796082950     
 sm calcd   9.5988329417799090     
 gws is    80.886211012712380     
 vanGI called. sm_eq is    3.5024593911957473     
 k_inf_gw is  0.62514380272590619     
 gw_inf is  0.62514380272590619     
 sm recalcd    8.9736891390540023     
 gws calcd   82.970023688465403     
 gws recalcd   82.970023688465403     
 ET is   3.0000000000000000     
 sw et removed   3.0000000000000000     
 sm et removed   0.0000000000000000     
 sm is   8.9736891390540023     
 new sm_eq   3.2638013855856656     
 k_inf_gw remaining   0.0000000000000000     
 addnl gw_inf   0.0000000000000000     
 sm-gw balanced   8.9736891390540023        82.970023688465403     
 outer loop entered. ts           68
 inner loop entered. elem           1
 bot   100.71914265601792     
 bot   80.719142656017922     
 UZ entered
 L is   17.749118967552519     
 P is   2.6999999999999997     
 sm is   8.9736891390540023     
 epv is   5.3247356902657552     
 sm/epv   1.6852834884290997     
 got k  0.62514380272590619     
 inf is  0.62514380272590619     
 excess_p   2.0748561972740935     
 inf_deficit   0.0000000000000000     
 sws is   12.332209796082950     
 sw_inf   0.0000000000000000     
 sws calcd   14.407065993357044     
 sm calcd   9.5988329417799090     
 gws is    82.970023688465403     
 vanGI called. sm_eq is    3.2638013855856656     
 k_inf_gw is  0.62514380272590619     
 gw_inf is  0.62514380272590619     
 sm recalcd    8.9736891390540023     
 gws calcd   85.053836364218427     
 gws recalcd   85.053836364218427     
 ET is   3.0000000000000000     
 sw et removed   3.0000000000000000     
 sm et removed   0.0000000000000000     
 sm is   8.9736891390540023     
 new sm_eq   3.0193356191323222     
 k_inf_gw remaining   0.0000000000000000     
 addnl gw_inf   0.0000000000000000     
 sm-gw balanced   8.9736891390540023        85.053836364218427     
 outer loop entered. ts           69
 inner loop entered. elem           1
 bot   100.71914265601792     
 bot   80.719142656017922     
 UZ entered
 L is   15.665306291799496     
 P is   2.6999999999999997     
 sm is   8.9736891390540023     
 epv is   4.6995918875398486     
 sm/epv   1.9094613646870444     
 got k  0.62514380272590619     
 inf is  0.62514380272590619     
 excess_p   2.0748561972740935     
 inf_deficit   0.0000000000000000     
 sws is   11.407065993357044     
 sw_inf   0.0000000000000000     
 sws calcd   13.481922190631138     
 sm calcd   9.5988329417799090     
 gws is    85.053836364218427     
 vanGI called. sm_eq is    3.0193356191323222     
 k_inf_gw is  0.62514380272590619     
 gw_inf is  0.62514380272590619     
 sm recalcd    8.9736891390540023     
 gws calcd   87.137649039971450     
 gws recalcd   87.137649039971450     
 ET is   3.0000000000000000     
 sw et removed   3.0000000000000000     
 sm et removed   0.0000000000000000     
 sm is   8.9736891390540023     
 new sm_eq   2.7669469470527366     
 k_inf_gw remaining   0.0000000000000000     
 addnl gw_inf   0.0000000000000000     
 sm-gw balanced   8.9736891390540023        87.137649039971450     
 outer loop entered. ts           70
 inner loop entered. elem           1
 bot   100.71914265601792     
 bot   80.719142656017922     
 UZ entered
 L is   13.581493616046473     
 P is   2.6999999999999997     
 sm is   8.9736891390540023     
 epv is   4.0744480848139419     
 sm/epv   2.2024305997418989     
 got k  0.62514380272590619     
 inf is  0.62514380272590619     
 excess_p   2.0748561972740935     
 inf_deficit   0.0000000000000000     
 sws is   10.481922190631138     
 sw_inf   0.0000000000000000     
 sws calcd   12.556778387905233     
 sm calcd   9.5988329417799090     
 gws is    87.137649039971450     
 vanGI called. sm_eq is    2.7669469470527366     
 k_inf_gw is  0.62514380272590619     
 gw_inf is  0.62514380272590619     
 sm recalcd    8.9736891390540023     
 gws calcd   89.221461715724473     
 gws recalcd   89.221461715724473     
 ET is   3.0000000000000000     
 sw et removed   3.0000000000000000     
 sm et removed   0.0000000000000000     
 sm is   8.9736891390540023     
 new sm_eq   2.5032719281060940     
 k_inf_gw remaining   0.0000000000000000     
 addnl gw_inf   0.0000000000000000     
 sm-gw balanced   8.9736891390540023        89.221461715724473     
 outer loop entered. ts           71
 inner loop entered. elem           1
 bot   100.71914265601792     
 bot   80.719142656017922     
 UZ entered
 L is   11.497680940293449     
 P is   2.6999999999999997     
 sm is   8.9736891390540023     
 epv is   3.4493042820880349     
 sm/epv   2.6015939462498747     
 got k  0.62514380272590619     
 inf is  0.62514380272590619     
 excess_p   2.0748561972740935     
 inf_deficit   0.0000000000000000     
 sws is   9.5567783879052328     
 sw_inf   0.0000000000000000     
 sws calcd   11.631634585179327     
 sm calcd   9.5988329417799090     
 gws is    89.221461715724473     
 vanGI called. sm_eq is    2.5032719281060940     
 k_inf_gw is  0.62514380272590619     
 gw_inf is  0.62514380272590619     
 sm recalcd    8.9736891390540023     
 gws calcd   91.305274391477496     
 gws recalcd   91.305274391477496     
 ET is   3.0000000000000000     
 sw et removed   3.0000000000000000     
 sm et removed   0.0000000000000000     
 sm is   8.9736891390540023     
 new sm_eq   2.2225822687798336     
 k_inf_gw remaining   0.0000000000000000     
 addnl gw_inf   0.0000000000000000     
 sm-gw balanced   8.9736891390540023        91.305274391477496     
 outer loop entered. ts           72
 inner loop entered. elem           1
 bot   100.71914265601792     
 bot   80.719142656017922     
 UZ entered
 L is   9.4138682645404259     
 P is   2.6999999999999997     
 sm is   8.9736891390540023     
 epv is   2.8241604793621278     
 sm/epv   3.1774713953510259     
 got k  0.62514380272590619     
 inf is  0.62514380272590619     
 excess_p   2.0748561972740935     
 inf_deficit   0.0000000000000000     
 sws is   8.6316345851793272     
 sw_inf   0.0000000000000000     
 sws calcd   10.706490782453422     
 sm calcd   9.5988329417799090     
 gws is    91.305274391477496     
 vanGI called. sm_eq is    2.2225822687798336     
 k_inf_gw is  0.62514380272590619     
 gw_inf is  0.62514380272590619     
 sm recalcd    8.9736891390540023     
 gws calcd   93.389087067230520     
 gws recalcd   93.389087067230520     
 ET is   3.0000000000000000     
 sw et removed   3.0000000000000000     
 sm et removed   0.0000000000000000     
 sm is   8.9736891390540023     
 new sm_eq   1.9142054850842010     
 k_inf_gw remaining   0.0000000000000000     
 addnl gw_inf   0.0000000000000000     
 sm-gw balanced   8.9736891390540023        93.389087067230520     
 outer loop entered. ts           73
 inner loop entered. elem           1
 bot   100.71914265601792     
 bot   80.719142656017922     
 UZ entered
 L is   7.3300555887874026     
 P is   2.6999999999999997     
 sm is   8.9736891390540023     
 epv is   2.1990166766362207     
 sm/epv   4.0807735722954241     
 got k  0.62514380272590619     
 inf is  0.62514380272590619     
 excess_p   2.0748561972740935     
 inf_deficit   0.0000000000000000     
 sws is   7.7064907824534217     
 sw_inf   0.0000000000000000     
 sws calcd   9.7813469797275161     
 sm calcd   9.5988329417799090     
 gws is    93.389087067230520     
 vanGI called. sm_eq is    1.9142054850842010     
 k_inf_gw is  0.62514380272590619     
 gw_inf is  0.62514380272590619     
 sm recalcd    8.9736891390540023     
 gws calcd   95.472899742983543     
 gws recalcd   95.472899742983543     
 ET is   3.0000000000000000     
 sw et removed   3.0000000000000000     
 sm et removed   0.0000000000000000     
 sm is   8.9736891390540023     
 new sm_eq   1.5557961845119896     
 k_inf_gw remaining   0.0000000000000000     
 addnl gw_inf   0.0000000000000000     
 sm-gw balanced   8.9736891390540023        95.472899742983543     
 outer loop entered. ts           74
 inner loop entered. elem           1
 bot   100.71914265601792     
 bot   80.719142656017922     
 UZ entered
 L is   5.2462429130343793     
 P is   2.6999999999999997     
 sm is   8.9736891390540023     
 epv is   1.5738728739103138     
 sm/epv   5.7016607172081946     
 got k  0.62514380272590619     
 inf is  0.62514380272590619     
 excess_p   2.0748561972740935     
 inf_deficit   0.0000000000000000     
 sws is   6.7813469797275161     
 sw_inf   0.0000000000000000     
 sws calcd   8.8562031770016105     
 sm calcd   9.5988329417799090     
 gws is    95.472899742983543     
 vanGI called. sm_eq is    1.5557961845119896     
 k_inf_gw is  0.62514380272590619     
 gw_inf is  0.62514380272590619     
 sm recalcd    8.9736891390540023     
 gws calcd   97.556712418736566     
 gws recalcd   97.556712418736566     
 ET is   3.0000000000000000     
 sw et removed   3.0000000000000000     
 sm et removed   0.0000000000000000     
 sm is   8.9736891390540023     
 new sm_eq   1.0944652793791394     
 k_inf_gw remaining   0.0000000000000000     
 addnl gw_inf   0.0000000000000000     
 sm-gw balanced   8.9736891390540023        97.556712418736566     
 outer loop entered. ts           75
 inner loop entered. elem           1
 bot   100.71914265601792     
 bot   80.719142656017922     
 UZ entered
 L is   3.1624302372813560     
 P is   2.6999999999999997     
 sm is   8.9736891390540023     
 epv is  0.94872907118440675     
 sm/epv   9.4586425267343426     
 got k  0.62514380272590619     
 inf is  0.62514380272590619     
 excess_p   2.0748561972740935     
 inf_deficit   0.0000000000000000     
 sws is   5.8562031770016105     
 sw_inf   0.0000000000000000     
 sws calcd   7.9310593742757041     
 sm calcd   9.5988329417799090     
 gws is    97.556712418736566     
 vanGI called. sm_eq is    1.0944652793791394     
 k_inf_gw is  0.62514380272590619     
 gw_inf is  0.62514380272590619     
 sm recalcd    8.9736891390540023     
 gws calcd   99.640525094489590     
 gws recalcd   99.640525094489590     
 ET is   3.0000000000000000     
 sw et removed   3.0000000000000000     
 sm et removed   0.0000000000000000     
 sm is   8.9736891390540023     
 new sm_eq  0.42502482370588607     
 k_inf_gw remaining   0.0000000000000000     
 addnl gw_inf   0.0000000000000000     
 sm-gw balanced   8.9736891390540023        99.640525094489590     
 outer loop entered. ts           76
 inner loop entered. elem           1
 bot   100.71914265601792     
 bot   80.719142656017922     
 UZ entered
 L is   1.0786175615283327     
 P is   2.6999999999999997     
 sm is   8.9736891390540023     
 epv is  0.32358526845849978     
 sm/epv   27.732069453603355     
 got k  0.62514380272590619     
 inf is  0.62514380272590619     
 excess_p   2.0748561972740935     
 inf_deficit   0.0000000000000000     
 sws is   4.9310593742757041     
 sw_inf   0.0000000000000000     
 sws calcd   7.0059155715497976     
 sm calcd   9.5988329417799090     
 gws is    99.640525094489590     
 vanGI called. sm_eq is   0.42502482370588607     
 k_inf_gw is  0.62514380272590619     
 gw_inf is  0.62514380272590619     
 sm recalcd    8.9736891390540023     
 gws calcd   101.72433777024261     
 gws recalcd   100.71914265601792     
 ET is   3.0000000000000000     
 sw et removed   3.0000000000000000     
 sm et removed   0.0000000000000000     
 sm is   0.0000000000000000     
 new sm_eq   0.0000000000000000     
 k_inf_gw remaining   0.0000000000000000     
 addnl gw_inf   0.0000000000000000     
 sm-gw balanced   0.0000000000000000        100.71914265601792     
 outer loop entered. ts           77
 inner loop entered. elem           1
 bot   100.71914265601792     
 bot   80.719142656017922     
 noUZ entered
 outer loop entered. ts           78
 inner loop entered. elem           1
 bot   100.71914265601792     
 bot   80.719142656017922     
 noUZ entered
 outer loop entered. ts           79
 inner loop entered. elem           1
 bot   100.71914265601792     
 bot   80.719142656017922     
 noUZ entered
 outer loop entered. ts           80
 inner loop entered. elem           1
 bot   100.71914265601792     
 bot   80.719142656017922     
 noUZ entered
 outer loop entered. ts           81
 inner loop entered. elem           1
 bot   100.71914265601792     
 bot   80.719142656017922     
 noUZ entered
 outer loop entered. ts           82
 inner loop entered. elem           1
 bot   100.71914265601792     
 bot   80.719142656017922     
 noUZ entered
 outer loop entered. ts           83
 inner loop entered. elem           1
 bot   100.71914265601792     
 bot   80.719142656017922     
 noUZ entered
 outer loop entered. ts           84
 inner loop entered. elem           1
 bot   100.71914265601792     
 bot   80.719142656017922     
 noUZ entered
 outer loop entered. ts           85
 inner loop entered. elem           1
 bot   100.71914265601792     
 bot   80.719142656017922     
 noUZ entered
 outer loop entered. ts           86
 inner loop entered. elem           1
 bot   100.71914265601792     
 bot   80.719142656017922     
 noUZ entered
 outer loop entered. ts           87
 inner loop entered. elem           1
 bot   100.71914265601792     
 bot   80.719142656017922     
 noUZ entered
 outer loop entered. ts           88
 inner loop entered. elem           1
 bot   100.71914265601792     
 bot   80.719142656017922     
 noUZ entered
 outer loop entered. ts           89
 inner loop entered. elem           1
 bot   100.71914265601792     
 bot   80.719142656017922     
 noUZ entered
 outer loop entered. ts           90
 inner loop entered. elem           1
 bot   100.71914265601792     
 bot   80.719142656017922     
 noUZ entered
 outer loop entered. ts           91
 inner loop entered. elem           1
 bot   100.71914265601792     
 bot   80.719142656017922     
 noUZ entered
 outer loop entered. ts           92
 inner loop entered. elem           1
 bot   100.71914265601792     
 bot   80.719142656017922     
 noUZ entered
 outer loop entered. ts           93
 inner loop entered. elem           1
 bot   100.71914265601792     
 bot   80.719142656017922     
 noUZ entered
 outer loop entered. ts           94
 inner loop entered. elem           1
 bot   100.71914265601792     
 bot   80.719142656017922     
 noUZ entered
 outer loop entered. ts           95
 inner loop entered. elem           1
 bot   100.71914265601792     
 bot   80.719142656017922     
 noUZ entered
 outer loop entered. ts           96
 inner loop entered. elem           1
 bot   100.71914265601792     
 bot   80.719142656017922     
 noUZ entered
 outer loop entered. ts           97
 inner loop entered. elem           1
 bot   100.71914265601792     
 bot   80.719142656017922     
 noUZ entered
 outer loop entered. ts           98
 inner loop entered. elem           1
 bot   100.71914265601792     
 bot   80.719142656017922     
 noUZ entered
 outer loop entered. ts           99
 inner loop entered. elem           1
 bot   100.71914265601792     
 bot   80.719142656017922     
 noUZ entered
 outer loop entered. ts          100
 inner loop entered. elem           1
 bot   100.71914265601792     
 bot   80.719142656017922     
 noUZ entered
